#
# There is insufficient memory for the Java Runtime Environment to continue.
# Native memory allocation (malloc) failed to allocate 32744 bytes for ChunkPool::allocate
# Possible reasons:
#   The system is out of physical RAM or swap space
#   The process is running with CompressedOops enabled, and the Java Heap may be blocking the growth of the native heap
# Possible solutions:
#   Reduce memory load on the system
#   Increase physical memory or swap space
#   Check if swap backing store is full
#   Decrease Java heap size (-Xmx/-Xms)
#   Decrease number of Java threads
#   Decrease Java thread stack sizes (-Xss)
#   Set larger code cache with -XX:ReservedCodeCacheSize=
#   JVM is running with Unscaled Compressed Oops mode in which the Java heap is
#     placed in the first 4GB address space. The Java Heap base address is the
#     maximum limit for the native heap growth. Please use -XX:HeapBaseMinAddress
#     to set the Java Heap base and to place the Java Heap above 4GB virtual address.
# This output file may be truncated or incomplete.
#
#  Out of Memory Error (allocation.cpp:272), pid=10208, tid=0x0000000000002d3c
#
# JRE version: Java(TM) SE Runtime Environment (8.0_202-b08) (build 1.8.0_202-b08)
# Java VM: Java HotSpot(TM) 64-Bit Server VM (25.202-b08 mixed mode windows-amd64 compressed oops)
# Failed to write core dump. Minidumps are not enabled by default on client versions of Windows
#

---------------  T H R E A D  ---------------

Current thread (0x0000000019453800):  JavaThread "C1 CompilerThread2" daemon [_thread_in_native, id=11580, stack(0x0000000019c20000,0x0000000019d20000)]

Stack: [0x0000000019c20000,0x0000000019d20000]
[error occurred during error reporting (printing stack bounds), id 0xc0000005]

Native frames: (J=compiled Java code, j=interpreted, Vv=VM code, C=native code)


Current CompileTask:
C1:  19487 3989       1       java.lang.invoke.AbstractValidatingLambdaMetafactory::validateMetafactoryArgs (864 bytes)


---------------  P R O C E S S  ---------------

Java Threads: ( => current thread )
  0x000000001b4be000 JavaThread "container-0" [_thread_blocked, id=16004, stack(0x000000001dd90000,0x000000001de90000)]
  0x000000001b4bd800 JavaThread "Catalina-utility-2" [_thread_blocked, id=11364, stack(0x000000001dc90000,0x000000001dd90000)]
  0x00000000197f3800 JavaThread "Catalina-utility-1" [_thread_blocked, id=16240, stack(0x000000001db90000,0x000000001dc90000)]
  0x0000000019574800 JavaThread "RMI TCP Connection(3)-172.18.224.1" daemon [_thread_in_native, id=8464, stack(0x000000001b6c0000,0x000000001b7c0000)]
  0x000000001a5fc800 JavaThread "restartedMain" [_thread_in_native, id=11312, stack(0x000000001b5c0000,0x000000001b6c0000)]
  0x000000001a5f9800 JavaThread "Thread-3" [_thread_blocked, id=14164, stack(0x000000001b4c0000,0x000000001b5c0000)]
  0x000000001996a000 JavaThread "RMI Scheduler(0)" daemon [_thread_blocked, id=3760, stack(0x000000001a3f0000,0x000000001a4f0000)]
  0x000000001980c000 JavaThread "RMI TCP Connection(2)-172.18.224.1" daemon [_thread_in_native, id=12956, stack(0x000000001a0f0000,0x000000001a1f0000)]
  0x0000000019737800 JavaThread "RMI TCP Accept-0" daemon [_thread_in_native, id=14076, stack(0x0000000019e40000,0x0000000019f40000)]
  0x00000000194ae000 JavaThread "Service Thread" daemon [_thread_blocked, id=4936, stack(0x0000000019d20000,0x0000000019e20000)]
=>0x0000000019453800 JavaThread "C1 CompilerThread2" daemon [_thread_in_native, id=11580, stack(0x0000000019c20000,0x0000000019d20000)]
  0x000000001942f800 JavaThread "C2 CompilerThread1" daemon [_thread_blocked, id=7772, stack(0x0000000019b20000,0x0000000019c20000)]
  0x0000000019418800 JavaThread "C2 CompilerThread0" daemon [_thread_blocked, id=10288, stack(0x0000000019a20000,0x0000000019b20000)]
  0x000000001760a000 JavaThread "JDWP Command Reader" daemon [_thread_in_native, id=12264, stack(0x0000000019120000,0x0000000019220000)]
  0x0000000017607000 JavaThread "JDWP Event Helper Thread" daemon [_thread_blocked, id=9868, stack(0x0000000019020000,0x0000000019120000)]
  0x00000000175fc000 JavaThread "JDWP Transport Listener: dt_socket" daemon [_thread_blocked, id=5452, stack(0x0000000018f20000,0x0000000019020000)]
  0x00000000175ec000 JavaThread "Attach Listener" daemon [_thread_blocked, id=7500, stack(0x0000000018e20000,0x0000000018f20000)]
  0x0000000018963800 JavaThread "Signal Dispatcher" daemon [_thread_blocked, id=15868, stack(0x0000000018d20000,0x0000000018e20000)]
  0x00000000175b0000 JavaThread "Finalizer" daemon [_thread_blocked, id=10632, stack(0x0000000018820000,0x0000000018920000)]
  0x00000000175a9000 JavaThread "Reference Handler" daemon [_thread_blocked, id=14736, stack(0x0000000018720000,0x0000000018820000)]
  0x0000000002809800 JavaThread "main" [_thread_blocked, id=4612, stack(0x0000000002390000,0x0000000002490000)]

Other Threads:
  0x0000000017587800 VMThread [stack: 0x0000000018620000,0x0000000018720000] [id=8880]
  0x0000000019740800 WatcherThread [stack: 0x0000000019f40000,0x000000001a040000] [id=13576]

VM state:not at safepoint (normal execution)

VM Mutex/Monitor currently owned by a thread: None

heap address: 0x0000000082000000, size: 2016 MB, Compressed Oops mode: 32-bit
Narrow klass base: 0x0000000000000000, Narrow klass shift: 3
Compressed class space size: 1073741824 Address: 0x0000000100000000

Heap:
 PSYoungGen      total 171008K, used 87313K [0x00000000d6000000, 0x00000000e2580000, 0x0000000100000000)
  eden space 158720K, 55% used [0x00000000d6000000,0x00000000db544510,0x00000000dfb00000)
  from space 12288K, 0% used [0x00000000dfb00000,0x00000000dfb00000,0x00000000e0700000)
  to   space 9728K, 0% used [0x00000000e0700000,0x00000000e0700000,0x00000000e1080000)
 ParOldGen       total 82944K, used 16948K [0x0000000082000000, 0x0000000087100000, 0x00000000d6000000)
  object space 82944K, 20% used [0x0000000082000000,0x000000008308d178,0x0000000087100000)
 Metaspace       used 37875K, capacity 39996K, committed 40064K, reserved 1085440K
  class space    used 5055K, capacity 5479K, committed 5504K, reserved 1048576K

Card table byte_map: [0x0000000011e90000,0x0000000012290000] byte_map_base: 0x0000000011a80000

Marking Bits: (ParMarkBitMap*) 0x0000000059155ce0
 Begin Bits: [0x0000000012930000, 0x00000000148b0000)
 End Bits:   [0x00000000148b0000, 0x0000000016830000)

Polling page: 0x0000000002360000

CodeCache: size=245760Kb used=7906Kb max_used=7906Kb free=237853Kb
 bounds [0x0000000002ad0000, 0x0000000003290000, 0x0000000011ad0000]
 total_blobs=4408 nmethods=3949 adapters=378
 compilation: enabled

Compilation events (10 events):
Event: 19.471 Thread 0x0000000019453800 nmethod 3984 0x0000000003286550 code [0x00000000032866c0, 0x00000000032868a8]
Event: 19.473 Thread 0x0000000019453800 3985       1       org.springframework.beans.factory.annotation.QualifierAnnotationAutowireCandidateResolver::findValue (29 bytes)
Event: 19.474 Thread 0x0000000019453800 nmethod 3985 0x0000000003286a10 code [0x0000000003286c00, 0x00000000032870b8]
Event: 19.477 Thread 0x0000000019453800 3986       1       org.springframework.beans.TypeConverterDelegate::<init> (15 bytes)
Event: 19.477 Thread 0x0000000019453800 nmethod 3986 0x0000000003287550 code [0x00000000032876a0, 0x00000000032877d0]
Event: 19.477 Thread 0x0000000019453800 3987       1       org.springframework.boot.context.properties.ConfigurationPropertiesBindConstructorProvider::findAnnotatedConstructor (125 bytes)
Event: 19.478 Thread 0x0000000019453800 nmethod 3987 0x0000000003287850 code [0x0000000003287aa0, 0x0000000003288428]
Event: 19.480 Thread 0x0000000019453800 3988       1       java.lang.invoke.InfoFromMemberName::<init> (65 bytes)
Event: 19.480 Thread 0x0000000019453800 nmethod 3988 0x0000000003288d90 code [0x0000000003288ee0, 0x0000000003289010]
Event: 19.480 Thread 0x0000000019453800 3989       1       java.lang.invoke.AbstractValidatingLambdaMetafactory::validateMetafactoryArgs (864 bytes)

GC Heap History (10 events):
Event: 12.207 GC heap before
{Heap before GC invocations=9 (full 1):
 PSYoungGen      total 73728K, used 65024K [0x00000000d6000000, 0x00000000df100000, 0x0000000100000000)
  eden space 65024K, 100% used [0x00000000d6000000,0x00000000d9f80000,0x00000000d9f80000)
  from space 8704K, 0% used [0x00000000d9f80000,0x00000000d9f80000,0x00000000da800000)
  to   space 9216K, 0% used [0x00000000de800000,0x00000000de800000,0x00000000df100000)
 ParOldGen       total 51200K, used 6715K [0x0000000082000000, 0x0000000085200000, 0x00000000d6000000)
  object space 51200K, 13% used [0x0000000082000000,0x000000008268eff8,0x0000000085200000)
 Metaspace       used 23267K, capacity 24270K, committed 24448K, reserved 1071104K
  class space    used 3104K, capacity 3342K, committed 3456K, reserved 1048576K
Event: 12.213 GC heap after
Heap after GC invocations=9 (full 1):
 PSYoungGen      total 117760K, used 4096K [0x00000000d6000000, 0x00000000dec80000, 0x0000000100000000)
  eden space 113152K, 0% used [0x00000000d6000000,0x00000000d6000000,0x00000000dce80000)
  from space 4608K, 88% used [0x00000000de800000,0x00000000dec00158,0x00000000dec80000)
  to   space 9216K, 0% used [0x00000000dda80000,0x00000000dda80000,0x00000000de380000)
 ParOldGen       total 51200K, used 6723K [0x0000000082000000, 0x0000000085200000, 0x00000000d6000000)
  object space 51200K, 13% used [0x0000000082000000,0x0000000082690ff8,0x0000000085200000)
 Metaspace       used 23267K, capacity 24270K, committed 24448K, reserved 1071104K
  class space    used 3104K, capacity 3342K, committed 3456K, reserved 1048576K
}
Event: 14.122 GC heap before
{Heap before GC invocations=10 (full 1):
 PSYoungGen      total 117760K, used 117248K [0x00000000d6000000, 0x00000000dec80000, 0x0000000100000000)
  eden space 113152K, 100% used [0x00000000d6000000,0x00000000dce80000,0x00000000dce80000)
  from space 4608K, 88% used [0x00000000de800000,0x00000000dec00158,0x00000000dec80000)
  to   space 9216K, 0% used [0x00000000dda80000,0x00000000dda80000,0x00000000de380000)
 ParOldGen       total 51200K, used 6723K [0x0000000082000000, 0x0000000085200000, 0x00000000d6000000)
  object space 51200K, 13% used [0x0000000082000000,0x0000000082690ff8,0x0000000085200000)
 Metaspace       used 25592K, capacity 26730K, committed 26880K, reserved 1073152K
  class space    used 3460K, capacity 3721K, committed 3840K, reserved 1048576K
Event: 14.131 GC heap after
Heap after GC invocations=10 (full 1):
 PSYoungGen      total 134656K, used 7575K [0x00000000d6000000, 0x00000000e1080000, 0x0000000100000000)
  eden space 125440K, 0% used [0x00000000d6000000,0x00000000d6000000,0x00000000dda80000)
  from space 9216K, 82% used [0x00000000dda80000,0x00000000de1e5c98,0x00000000de380000)
  to   space 9728K, 0% used [0x00000000e0700000,0x00000000e0700000,0x00000000e1080000)
 ParOldGen       total 51200K, used 6731K [0x0000000082000000, 0x0000000085200000, 0x00000000d6000000)
  object space 51200K, 13% used [0x0000000082000000,0x0000000082692ff8,0x0000000085200000)
 Metaspace       used 25592K, capacity 26730K, committed 26880K, reserved 1073152K
  class space    used 3460K, capacity 3721K, committed 3840K, reserved 1048576K
}
Event: 16.165 GC heap before
{Heap before GC invocations=11 (full 1):
 PSYoungGen      total 134656K, used 133015K [0x00000000d6000000, 0x00000000e1080000, 0x0000000100000000)
  eden space 125440K, 100% used [0x00000000d6000000,0x00000000dda80000,0x00000000dda80000)
  from space 9216K, 82% used [0x00000000dda80000,0x00000000de1e5c98,0x00000000de380000)
  to   space 9728K, 0% used [0x00000000e0700000,0x00000000e0700000,0x00000000e1080000)
 ParOldGen       total 51200K, used 6731K [0x0000000082000000, 0x0000000085200000, 0x00000000d6000000)
  object space 51200K, 13% used [0x0000000082000000,0x0000000082692ff8,0x0000000085200000)
 Metaspace       used 30959K, capacity 32700K, committed 32896K, reserved 1077248K
  class space    used 4116K, capacity 4422K, committed 4480K, reserved 1048576K
Event: 16.180 GC heap after
Heap after GC invocations=11 (full 1):
 PSYoungGen      total 168448K, used 9705K [0x00000000d6000000, 0x00000000e2580000, 0x0000000100000000)
  eden space 158720K, 0% used [0x00000000d6000000,0x00000000d6000000,0x00000000dfb00000)
  from space 9728K, 99% used [0x00000000e0700000,0x00000000e107a4e0,0x00000000e1080000)
  to   space 12288K, 0% used [0x00000000dfb00000,0x00000000dfb00000,0x00000000e0700000)
 ParOldGen       total 51200K, used 10851K [0x0000000082000000, 0x0000000085200000, 0x00000000d6000000)
  object space 51200K, 21% used [0x0000000082000000,0x0000000082a98c60,0x0000000085200000)
 Metaspace       used 30959K, capacity 32700K, committed 32896K, reserved 1077248K
  class space    used 4116K, capacity 4422K, committed 4480K, reserved 1048576K
}
Event: 17.063 GC heap before
{Heap before GC invocations=12 (full 1):
 PSYoungGen      total 168448K, used 66087K [0x00000000d6000000, 0x00000000e2580000, 0x0000000100000000)
  eden space 158720K, 35% used [0x00000000d6000000,0x00000000d970f7f8,0x00000000dfb00000)
  from space 9728K, 99% used [0x00000000e0700000,0x00000000e107a4e0,0x00000000e1080000)
  to   space 12288K, 0% used [0x00000000dfb00000,0x00000000dfb00000,0x00000000e0700000)
 ParOldGen       total 51200K, used 10851K [0x0000000082000000, 0x0000000085200000, 0x00000000d6000000)
  object space 51200K, 21% used [0x0000000082000000,0x0000000082a98c60,0x0000000085200000)
 Metaspace       used 33631K, capacity 35326K, committed 35496K, reserved 1079296K
  class space    used 4456K, capacity 4784K, committed 4864K, reserved 1048576K
Event: 17.077 GC heap after
Heap after GC invocations=12 (full 1):
 PSYoungGen      total 171008K, used 2511K [0x00000000d6000000, 0x00000000e2580000, 0x0000000100000000)
  eden space 158720K, 0% used [0x00000000d6000000,0x00000000d6000000,0x00000000dfb00000)
  from space 12288K, 20% used [0x00000000dfb00000,0x00000000dfd73e18,0x00000000e0700000)
  to   space 9728K, 0% used [0x00000000e0700000,0x00000000e0700000,0x00000000e1080000)
 ParOldGen       total 51200K, used 19016K [0x0000000082000000, 0x0000000085200000, 0x00000000d6000000)
  object space 51200K, 37% used [0x0000000082000000,0x0000000083292050,0x0000000085200000)
 Metaspace       used 33631K, capacity 35326K, committed 35496K, reserved 1079296K
  class space    used 4456K, capacity 4784K, committed 4864K, reserved 1048576K
}
Event: 17.077 GC heap before
{Heap before GC invocations=13 (full 2):
 PSYoungGen      total 171008K, used 2511K [0x00000000d6000000, 0x00000000e2580000, 0x0000000100000000)
  eden space 158720K, 0% used [0x00000000d6000000,0x00000000d6000000,0x00000000dfb00000)
  from space 12288K, 20% used [0x00000000dfb00000,0x00000000dfd73e18,0x00000000e0700000)
  to   space 9728K, 0% used [0x00000000e0700000,0x00000000e0700000,0x00000000e1080000)
 ParOldGen       total 51200K, used 19016K [0x0000000082000000, 0x0000000085200000, 0x00000000d6000000)
  object space 51200K, 37% used [0x0000000082000000,0x0000000083292050,0x0000000085200000)
 Metaspace       used 33631K, capacity 35326K, committed 35496K, reserved 1079296K
  class space    used 4456K, capacity 4784K, committed 4864K, reserved 1048576K
Event: 17.171 GC heap after
Heap after GC invocations=13 (full 2):
 PSYoungGen      total 171008K, used 0K [0x00000000d6000000, 0x00000000e2580000, 0x0000000100000000)
  eden space 158720K, 0% used [0x00000000d6000000,0x00000000d6000000,0x00000000dfb00000)
  from space 12288K, 0% used [0x00000000dfb00000,0x00000000dfb00000,0x00000000e0700000)
  to   space 9728K, 0% used [0x00000000e0700000,0x00000000e0700000,0x00000000e1080000)
 ParOldGen       total 82944K, used 16948K [0x0000000082000000, 0x0000000087100000, 0x00000000d6000000)
  object space 82944K, 20% used [0x0000000082000000,0x000000008308d178,0x0000000087100000)
 Metaspace       used 33631K, capacity 35326K, committed 35496K, reserved 1079296K
  class space    used 4456K, capacity 4784K, committed 4864K, reserved 1048576K
}

Deoptimization events (0 events):
No events

Classes redefined (0 events):
No events

Internal exceptions (10 events):
Event: 18.908 Thread 0x000000001a5fc800 Exception <a 'java/lang/NullPointerException'> (0x00000000da264908) thrown at [C:\re\workspace\8-2-build-windows-amd64-cygwin\jdk8u202\12323\hotspot\src\share\vm\runtime\sharedRuntime.cpp, line 605]
Event: 18.908 Thread 0x000000001a5fc800 Implicit null exception at 0x0000000002e5719d to 0x0000000002e573d9
Event: 18.908 Thread 0x000000001a5fc800 Exception <a 'java/lang/NullPointerException'> (0x00000000da265560) thrown at [C:\re\workspace\8-2-build-windows-amd64-cygwin\jdk8u202\12323\hotspot\src\share\vm\runtime\sharedRuntime.cpp, line 605]
Event: 18.908 Thread 0x000000001a5fc800 Implicit null exception at 0x0000000002e5719d to 0x0000000002e573d9
Event: 18.908 Thread 0x000000001a5fc800 Exception <a 'java/lang/NullPointerException'> (0x00000000da2661c8) thrown at [C:\re\workspace\8-2-build-windows-amd64-cygwin\jdk8u202\12323\hotspot\src\share\vm\runtime\sharedRuntime.cpp, line 605]
Event: 18.908 Thread 0x000000001a5fc800 Implicit null exception at 0x0000000002e5719d to 0x0000000002e573d9
Event: 18.908 Thread 0x000000001a5fc800 Exception <a 'java/lang/NullPointerException'> (0x00000000da266e90) thrown at [C:\re\workspace\8-2-build-windows-amd64-cygwin\jdk8u202\12323\hotspot\src\share\vm\runtime\sharedRuntime.cpp, line 605]
Event: 19.454 Thread 0x000000001a5fc800 Exception <a 'java/lang/ArrayIndexOutOfBoundsException'> (0x00000000db1cbf68) thrown at [C:\re\workspace\8-2-build-windows-amd64-cygwin\jdk8u202\12323\hotspot\src\share\vm\runtime\sharedRuntime.cpp, line 605]
Event: 19.455 Thread 0x000000001a5fc800 Exception <a 'java/lang/ArrayIndexOutOfBoundsException'> (0x00000000db1d1d78) thrown at [C:\re\workspace\8-2-build-windows-amd64-cygwin\jdk8u202\12323\hotspot\src\share\vm\runtime\sharedRuntime.cpp, line 605]
Event: 19.466 Thread 0x000000001a5fc800 Exception <a 'java/lang/ArrayIndexOutOfBoundsException'> (0x00000000db291500) thrown at [C:\re\workspace\8-2-build-windows-amd64-cygwin\jdk8u202\12323\hotspot\src\share\vm\runtime\sharedRuntime.cpp, line 605]

Events (10 events):
Event: 19.482 Thread 0x000000001a5fc800 DEOPT PACKING pc=0x0000000002c9fb7c sp=0x000000001b6bb260
Event: 19.482 Thread 0x000000001a5fc800 DEOPT UNPACKING pc=0x0000000002b17890 sp=0x000000001b6bb080 mode 1
Event: 19.483 loading class org/springframework/boot/devtools/filewatch/ChangedFile
Event: 19.483 loading class org/springframework/boot/devtools/filewatch/ChangedFile done
Event: 19.483 Thread 0x000000001a5fc800 DEOPT PACKING pc=0x0000000002d0a309 sp=0x000000001b6bbbc0
Event: 19.483 Thread 0x000000001a5fc800 DEOPT UNPACKING pc=0x0000000002b17890 sp=0x000000001b6bb910 mode 1
Event: 19.483 Thread 0x000000001a5fc800 DEOPT PACKING pc=0x0000000002c9fc34 sp=0x000000001b6bbc40
Event: 19.483 Thread 0x000000001a5fc800 DEOPT UNPACKING pc=0x0000000002b17890 sp=0x000000001b6bba60 mode 1
Event: 19.483 Thread 0x000000001a5fc800 DEOPT PACKING pc=0x0000000002c9fb7c sp=0x000000001b6bbdd0
Event: 19.483 Thread 0x000000001a5fc800 DEOPT UNPACKING pc=0x0000000002b17890 sp=0x000000001b6bbbf0 mode 1


Dynamic libraries:
0x00007ff6a64e0000 - 0x00007ff6a6517000 	F:\JAVA\bin\java.exe
0x00007ff8a6fb0000 - 0x00007ff8a71a5000 	C:\WINDOWS\SYSTEM32\ntdll.dll
0x00007ff8a58c0000 - 0x00007ff8a597d000 	C:\WINDOWS\System32\KERNEL32.DLL
0x00007ff8a4b00000 - 0x00007ff8a4dc9000 	C:\WINDOWS\System32\KERNELBASE.dll
0x00007ff8a6bd0000 - 0x00007ff8a6c7c000 	C:\WINDOWS\System32\ADVAPI32.dll
0x00007ff8a5980000 - 0x00007ff8a5a1e000 	C:\WINDOWS\System32\msvcrt.dll
0x00007ff8a6d10000 - 0x00007ff8a6dab000 	C:\WINDOWS\System32\sechost.dll
0x00007ff8a6e40000 - 0x00007ff8a6f6a000 	C:\WINDOWS\System32\RPCRT4.dll
0x00007ff8a5020000 - 0x00007ff8a51c0000 	C:\WINDOWS\System32\USER32.dll
0x00007ff8a4ff0000 - 0x00007ff8a5012000 	C:\WINDOWS\System32\win32u.dll
0x00007ff8a6c80000 - 0x00007ff8a6caa000 	C:\WINDOWS\System32\GDI32.dll
0x00007ff8a48f0000 - 0x00007ff8a49fb000 	C:\WINDOWS\System32\gdi32full.dll
0x00007ff8a4850000 - 0x00007ff8a48ed000 	C:\WINDOWS\System32\msvcp_win.dll
0x00007ff8a4a00000 - 0x00007ff8a4b00000 	C:\WINDOWS\System32\ucrtbase.dll
0x00007ff899480000 - 0x00007ff89971a000 	C:\WINDOWS\WinSxS\amd64_microsoft.windows.common-controls_6595b64144ccf1df_6.0.19041.1110_none_60b5254171f9507e\COMCTL32.dll
0x00007ff8a6840000 - 0x00007ff8a6870000 	C:\WINDOWS\System32\IMM32.DLL
0x00000000591e0000 - 0x00000000592b2000 	F:\JAVA\jre\bin\msvcr100.dll
0x0000000058930000 - 0x00000000591d5000 	F:\JAVA\jre\bin\server\jvm.dll
0x00007ff8a5d00000 - 0x00007ff8a5d08000 	C:\WINDOWS\System32\PSAPI.DLL
0x00007ff89a2e0000 - 0x00007ff89a307000 	C:\WINDOWS\SYSTEM32\WINMM.dll
0x00007ff8947a0000 - 0x00007ff8947a9000 	C:\WINDOWS\SYSTEM32\WSOCK32.dll
0x00007ff89af80000 - 0x00007ff89af8a000 	C:\WINDOWS\SYSTEM32\VERSION.dll
0x00007ff8a5fa0000 - 0x00007ff8a600b000 	C:\WINDOWS\System32\WS2_32.dll
0x00007ff8a1f10000 - 0x00007ff8a1f1f000 	F:\JAVA\jre\bin\verify.dll
0x00007ff8a1a40000 - 0x00007ff8a1a69000 	F:\JAVA\jre\bin\java.dll
0x00007ff89c7d0000 - 0x00007ff89c805000 	F:\JAVA\jre\bin\jdwp.dll
0x00007ff89fd10000 - 0x00007ff89fd18000 	F:\JAVA\jre\bin\npt.dll
0x00007ff8910b0000 - 0x00007ff8910d3000 	F:\JAVA\jre\bin\instrument.dll
0x00007ff89e6c0000 - 0x00007ff89e6d6000 	F:\JAVA\jre\bin\zip.dll
0x00007ff8a6010000 - 0x00007ff8a674f000 	C:\WINDOWS\System32\SHELL32.dll
0x00007ff8a27e0000 - 0x00007ff8a2f71000 	C:\WINDOWS\SYSTEM32\windows.storage.dll
0x00007ff8a6870000 - 0x00007ff8a6bc5000 	C:\WINDOWS\System32\combase.dll
0x00007ff8a4080000 - 0x00007ff8a40ac000 	C:\WINDOWS\SYSTEM32\Wldp.dll
0x00007ff8a5b70000 - 0x00007ff8a5c1e000 	C:\WINDOWS\System32\SHCORE.dll
0x00007ff8a51c0000 - 0x00007ff8a5215000 	C:\WINDOWS\System32\shlwapi.dll
0x00007ff8a4630000 - 0x00007ff8a464f000 	C:\WINDOWS\SYSTEM32\profapi.dll
0x00007ff89cb00000 - 0x00007ff89cb09000 	F:\JAVA\jre\bin\dt_socket.dll
0x00007ff8a3e60000 - 0x00007ff8a3eca000 	C:\WINDOWS\system32\mswsock.dll
0x00007ff89c530000 - 0x00007ff89c54a000 	F:\JAVA\jre\bin\net.dll
0x00007ff898530000 - 0x00007ff89871c000 	C:\WINDOWS\SYSTEM32\urlmon.dll
0x00007ff891fb0000 - 0x00007ff892260000 	C:\WINDOWS\SYSTEM32\iertutil.dll
0x00007ff89dfc0000 - 0x00007ff89dfe8000 	C:\WINDOWS\SYSTEM32\srvcli.dll
0x00007ff8a3c80000 - 0x00007ff8a3c8c000 	C:\WINDOWS\SYSTEM32\netutils.dll
0x00007ff8a3b60000 - 0x00007ff8a3c2c000 	C:\WINDOWS\SYSTEM32\DNSAPI.dll
0x00007ff8a3b20000 - 0x00007ff8a3b5b000 	C:\WINDOWS\SYSTEM32\IPHLPAPI.DLL
0x00007ff8a6830000 - 0x00007ff8a6838000 	C:\WINDOWS\System32\NSI.dll
0x00007ff899dc0000 - 0x00007ff899dca000 	C:\Windows\System32\rasadhlp.dll
0x00007ff89dbe0000 - 0x00007ff89dc5f000 	C:\WINDOWS\System32\fwpuclnt.dll
0x00007ff8a4f10000 - 0x00007ff8a4f37000 	C:\WINDOWS\System32\bcrypt.dll
0x00007ff89cb20000 - 0x00007ff89cb2d000 	F:\JAVA\jre\bin\management.dll
0x00007ff89c510000 - 0x00007ff89c522000 	F:\JAVA\jre\bin\nio.dll
0x00007ff8a40c0000 - 0x00007ff8a40d8000 	C:\WINDOWS\SYSTEM32\CRYPTSP.dll
0x00007ff8a3750000 - 0x00007ff8a3784000 	C:\WINDOWS\system32\rsaenh.dll
0x00007ff8a45b0000 - 0x00007ff8a45de000 	C:\WINDOWS\SYSTEM32\USERENV.dll
0x00007ff8a4e80000 - 0x00007ff8a4f03000 	C:\WINDOWS\System32\bcryptprimitives.dll
0x00007ff8a3fe0000 - 0x00007ff8a3fec000 	C:\WINDOWS\SYSTEM32\CRYPTBASE.dll
0x00007ff89bbe0000 - 0x00007ff89bbf7000 	C:\WINDOWS\SYSTEM32\dhcpcsvc6.DLL
0x00007ff89cba0000 - 0x00007ff89cbbd000 	C:\WINDOWS\SYSTEM32\dhcpcsvc.DLL
0x00007ff8934d0000 - 0x00007ff8934e7000 	C:\WINDOWS\system32\napinsp.dll
0x00007ff88ef50000 - 0x00007ff88ef6b000 	C:\WINDOWS\system32\pnrpnsp.dll
0x00007ff89d8f0000 - 0x00007ff89d905000 	C:\WINDOWS\system32\wshbth.dll
0x00007ff89fc50000 - 0x00007ff89fc6d000 	C:\WINDOWS\system32\NLAapi.dll
0x00007ff88ef30000 - 0x00007ff88ef42000 	C:\WINDOWS\System32\winrnr.dll

VM Arguments:
jvm_args: -agentlib:jdwp=transport=dt_socket,address=127.0.0.1:2495,suspend=y,server=n -XX:TieredStopAtLevel=1 -Xverify:none -Dspring.output.ansi.enabled=always -Dcom.sun.management.jmxremote -Dspring.jmx.enabled=true -Dspring.liveBeansView.mbeanDomain -Dspring.application.admin.enabled=true -javaagent:C:\Users\Administrator\.IntelliJIdea2019.2\system\captureAgent\debugger-agent.jar -Dfile.encoding=UTF-8 
java_command: com.andrew.system.config.SystemApplication
java_class_path (initial): F:\JAVA\jre\lib\charsets.jar;F:\JAVA\jre\lib\deploy.jar;F:\JAVA\jre\lib\ext\access-bridge-64.jar;F:\JAVA\jre\lib\ext\cldrdata.jar;F:\JAVA\jre\lib\ext\dnsns.jar;F:\JAVA\jre\lib\ext\jaccess.jar;F:\JAVA\jre\lib\ext\jfxrt.jar;F:\JAVA\jre\lib\ext\localedata.jar;F:\JAVA\jre\lib\ext\mysql-connector-java-5.1.6.jar;F:\JAVA\jre\lib\ext\nashorn.jar;F:\JAVA\jre\lib\ext\sunec.jar;F:\JAVA\jre\lib\ext\sunjce_provider.jar;F:\JAVA\jre\lib\ext\sunmscapi.jar;F:\JAVA\jre\lib\ext\sunpkcs11.jar;F:\JAVA\jre\lib\ext\zipfs.jar;F:\JAVA\jre\lib\javaws.jar;F:\JAVA\jre\lib\jce.jar;F:\JAVA\jre\lib\jfr.jar;F:\JAVA\jre\lib\jfxswt.jar;F:\JAVA\jre\lib\jsse.jar;F:\JAVA\jre\lib\management-agent.jar;F:\JAVA\jre\lib\plugin.jar;F:\JAVA\jre\lib\resources.jar;F:\JAVA\jre\lib\rt.jar;D:\springCode\onlinelearn\system\target\classes;E:\Maven\repository\org\springframework\cloud\spring-cloud-starter-netflix-eureka-client\2.2.0.RELEASE\spring-cloud-starter-netflix-eureka-client-2.2.0.RELEASE.jar;E:\Maven\repository\org\springframework\cloud\spring-cloud-starter\2.2.0.RELEASE\spring-cloud-starter-2.2.0.RELEASE.jar;E:\Maven\repository\org\springframework\cloud\spring-cloud-context\2.2.0.RELEASE\spring-cloud-context-2.2.0.RELEASE.jar;E:\Maven\repository\org\springframework\security\spring-security-crypto\5.2.1.RELEASE\spring-security-crypto-5.2.1.RELEASE.jar;E:\Maven\repository\org\springframework\cloud\spring-cloud-commons\2.2.0.RELEASE\spring-cloud-commons-2.2.0.RELEASE.jar;E:\Maven\repository\org\springframework\security\spring-security-rsa\1.0.7.RELEASE\spring-security-rsa-1.0.7.RELEASE.jar;E:\Maven\repository\org\bouncycastle\bcpkix-jdk15on\1.60\bcpkix-jdk15on-1.60.jar;E:\Maven\repository\org\bouncycastle\bcprov-jdk15on\1.60\bcprov-jdk15on-1.60.jar;E:\Maven\repository\org\springframework\cloud\spring-cloud-netflix-hystrix\2.2.0.RELEASE\spring-cloud-netflix-hystrix-2.2.0.RELEASE.jar;E:\Maven\repository\org\springframework\boot\spring-boot-starter-aop\2.2.2.RELEASE\spring-boot-starte
Launcher Type: SUN_STANDARD

Environment Variables:
JAVA_HOME=F:\JAVA
CLASSPATH=.;F:\JAVA\lib\dt.jar;F:\JAVA\lib\tools.jar;E:\code；D:\Tomcat9.0\lib\servlet-api.jar
PATH=C:\Program Files (x86)\NVIDIA Corporation\PhysX\Common;C:\Program Files\MySQL\MySQL Server 5.7\bin;C:\Program Files (x86)\Common Files\Oracle\Java\javapath;F:\JAVA\bin;F:\JAVA\jre\bin;F:\git\cmd;E:\Maven\apache-maven-3.6.3\bin;C:\WINDOWS\system32;C:\WINDOWS;C:\WINDOWS\system32\wbem;F:\Install\;C:\WINDOWS\System32\Wbem;C:\WINDOWS\System32\WindowsPowerShell\v1.0\;D:\Tomcat9.0\lib;D:\Tomcat9.0\bin;D:\node_global;C:\Users\Administrator\python\Scripts\;C:\Users\Administrator\python\;C:\python学习\Scripts\;C:\python学习\;F:\Python学习\Scripts\;F:\Python学习\;C:\Users\Administrator\AppData\Local\Microsoft\WindowsApps;C:\Users\Administrator\.dotnet\tools;C:\Windows\System32;E:\spring-boot-cli-1.5.13.RELEASE-bin\spring-1.5.13.RELEASE\bin;E:\Maven\apache-maven-3.6.3\bin;F:\SSHSecureShellClient-3.2.9;C:\Users\Administrator\AppData\Roaming\npm;F:\Install\node_gloable;E:\Gradel\gradle-4.1-all\gradle-4.1\bin;C:\Users\Administrator\go\bin;F:\GoInstall\bin;C:\Users\Administrator\AppData\Local\Microsoft\WindowsApps;D:\Tomcat9.0\bin;D:\Tomcat9.0\lib;F:\vscode\Microsoft VS Code\bin;D:\node_global;D:\node_global;
USERNAME=Administrator
OS=Windows_NT
PROCESSOR_IDENTIFIER=Intel64 Family 6 Model 142 Stepping 9, GenuineIntel



---------------  S Y S T E M  ---------------

OS: Windows 10.0 , 64 bit Build 19041 (10.0.19041.1023)

CPU:total 4 (initial active 4) (2 cores per cpu, 2 threads per core) family 6 model 142 stepping 9, cmov, cx8, fxsr, mmx, sse, sse2, sse3, ssse3, sse4.1, sse4.2, popcnt, avx, avx2, aes, clmul, erms, 3dnowpref, lzcnt, ht, tsc, tscinvbit, bmi1, bmi2, adx

Memory: 4k page, physical 8254640k(1066944k free), swap 8254640k(4124k free)

vm_info: Java HotSpot(TM) 64-Bit Server VM (25.202-b08) for windows-amd64 JRE (1.8.0_202-b08), built on Dec 15 2018 19:54:30 by "java_re" with MS VC++ 10.0 (VS2010)

time: Sun Aug 01 18:50:41 2021
timezone: 中国标准时间
elapsed time: 19 seconds (0d 0h 0m 19s)

