#
# There is insufficient memory for the Java Runtime Environment to continue.
# Native memory allocation (malloc) failed to allocate 540752 bytes for Chunk::new
# Possible reasons:
#   The system is out of physical RAM or swap space
#   The process is running with CompressedOops enabled, and the Java Heap may be blocking the growth of the native heap
# Possible solutions:
#   Reduce memory load on the system
#   Increase physical memory or swap space
#   Check if swap backing store is full
#   Decrease Java heap size (-Xmx/-Xms)
#   Decrease number of Java threads
#   Decrease Java thread stack sizes (-Xss)
#   Set larger code cache with -XX:ReservedCodeCacheSize=
#   JVM is running with Unscaled Compressed Oops mode in which the Java heap is
#     placed in the first 4GB address space. The Java Heap base address is the
#     maximum limit for the native heap growth. Please use -XX:HeapBaseMinAddress
#     to set the Java Heap base and to place the Java Heap above 4GB virtual address.
# This output file may be truncated or incomplete.
#
#  Out of Memory Error (allocation.cpp:389), pid=9780, tid=0x0000000000002458
#
# JRE version: Java(TM) SE Runtime Environment (8.0_202-b08) (build 1.8.0_202-b08)
# Java VM: Java HotSpot(TM) 64-Bit Server VM (25.202-b08 mixed mode windows-amd64 compressed oops)
# Failed to write core dump. Minidumps are not enabled by default on client versions of Windows
#

---------------  T H R E A D  ---------------

Current thread (0x0000000017e9a800):  JavaThread "C2 CompilerThread0" daemon [_thread_in_native, id=9304, stack(0x0000000019890000,0x0000000019990000)]

Stack: [0x0000000019890000,0x0000000019990000]
[error occurred during error reporting (printing stack bounds), id 0xc0000005]

Native frames: (J=compiled Java code, j=interpreted, Vv=VM code, C=native code)


Current CompileTask:
C2:   2240 1373   !   4       java.net.URL::<init> (543 bytes)


---------------  P R O C E S S  ---------------

Java Threads: ( => current thread )
  0x000000001926f000 JavaThread "Service Thread" daemon [_thread_blocked, id=15216, stack(0x0000000019b90000,0x0000000019c90000)]
  0x0000000017e9e800 JavaThread "C1 CompilerThread2" daemon [_thread_blocked, id=1232, stack(0x0000000019a90000,0x0000000019b90000)]
  0x0000000017e9d800 JavaThread "C2 CompilerThread1" daemon [_thread_in_native, id=17732, stack(0x0000000019990000,0x0000000019a90000)]
=>0x0000000017e9a800 JavaThread "C2 CompilerThread0" daemon [_thread_in_native, id=9304, stack(0x0000000019890000,0x0000000019990000)]
  0x0000000017e7a800 JavaThread "Monitor Ctrl-Break" daemon [_thread_in_native, id=17796, stack(0x0000000019790000,0x0000000019890000)]
  0x0000000017e52000 JavaThread "Attach Listener" daemon [_thread_blocked, id=9768, stack(0x0000000019690000,0x0000000019790000)]
  0x0000000017e64000 JavaThread "Signal Dispatcher" daemon [_thread_blocked, id=18292, stack(0x0000000019590000,0x0000000019690000)]
  0x000000000334e000 JavaThread "Finalizer" daemon [_thread_blocked, id=13628, stack(0x0000000019090000,0x0000000019190000)]
  0x0000000017e2a000 JavaThread "Reference Handler" daemon [_thread_blocked, id=14024, stack(0x0000000018f90000,0x0000000019090000)]
  0x0000000003252800 JavaThread "main" [_thread_in_native, id=11580, stack(0x0000000003050000,0x0000000003150000)]

Other Threads:
  0x0000000017e09000 VMThread [stack: 0x0000000018e90000,0x0000000018f90000] [id=14492]
  0x0000000019276000 WatcherThread [stack: 0x0000000019c90000,0x0000000019d90000] [id=17768]

VM state:not at safepoint (normal execution)

VM Mutex/Monitor currently owned by a thread: None

heap address: 0x0000000082000000, size: 2016 MB, Compressed Oops mode: 32-bit
Narrow klass base: 0x0000000000000000, Narrow klass shift: 3
Compressed class space size: 1073741824 Address: 0x0000000100000000

Heap:
 PSYoungGen      total 37888K, used 8041K [0x00000000d6000000, 0x00000000d9b00000, 0x0000000100000000)
  eden space 32768K, 10% used [0x00000000d6000000,0x00000000d6344368,0x00000000d8000000)
  from space 5120K, 91% used [0x00000000d8000000,0x00000000d8496340,0x00000000d8500000)
  to   space 5120K, 0% used [0x00000000d9600000,0x00000000d9600000,0x00000000d9b00000)
 ParOldGen       total 52736K, used 4711K [0x0000000082000000, 0x0000000085380000, 0x00000000d6000000)
  object space 52736K, 8% used [0x0000000082000000,0x0000000082499de0,0x0000000085380000)
 Metaspace       used 14176K, capacity 14472K, committed 14720K, reserved 1062912K
  class space    used 1749K, capacity 1844K, committed 1920K, reserved 1048576K

Card table byte_map: [0x0000000012710000,0x0000000012b10000] byte_map_base: 0x0000000012300000

Marking Bits: (ParMarkBitMap*) 0x0000000055a55ce0
 Begin Bits: [0x00000000131b0000, 0x0000000015130000)
 End Bits:   [0x0000000015130000, 0x00000000170b0000)

Polling page: 0x0000000001360000

CodeCache: size=245760Kb used=5463Kb max_used=5463Kb free=240296Kb
 bounds [0x0000000003350000, 0x00000000038b0000, 0x0000000012350000]
 total_blobs=1953 nmethods=1598 adapters=267
 compilation: enabled

Compilation events (10 events):
Event: 2.216 Thread 0x0000000017e9e800 nmethod 1597 0x00000000038a78d0 code [0x00000000038a7a20, 0x00000000038a7b30]
Event: 2.217 Thread 0x0000000017e9d800 1598       4       java.net.URLClassLoader$1::run (5 bytes)
Event: 2.218 Thread 0x0000000017e9e800 1600   !   3       sun.misc.URLClassPath$JarLoader::getResource (85 bytes)
Event: 2.219 Thread 0x0000000017e9e800 nmethod 1600 0x00000000038a85d0 code [0x00000000038a87e0, 0x00000000038a9298]
Event: 2.226 Thread 0x0000000017e9e800 1602       3       java.nio.Buffer::remaining (10 bytes)
Event: 2.226 Thread 0x0000000017e9e800 nmethod 1602 0x00000000038a75d0 code [0x00000000038a7720, 0x00000000038a7870]
Event: 2.228 Thread 0x0000000017e9e800 1603       3       java.util.regex.Pattern$Dot::isSatisfiedBy (34 bytes)
Event: 2.229 Thread 0x0000000017e9e800 nmethod 1603 0x00000000038a7190 code [0x00000000038a7300, 0x00000000038a7570]
Event: 2.231 Thread 0x0000000017e9e800 1604       3       sun.net.www.ParseUtil::encodePath (336 bytes)
Event: 2.232 Thread 0x0000000017e9e800 nmethod 1604 0x00000000038a97d0 code [0x00000000038a9a40, 0x00000000038aaa38]

GC Heap History (8 events):
Event: 1.300 GC heap before
{Heap before GC invocations=1 (full 0):
 PSYoungGen      total 37888K, used 32768K [0x00000000d6000000, 0x00000000d8a00000, 0x0000000100000000)
  eden space 32768K, 100% used [0x00000000d6000000,0x00000000d8000000,0x00000000d8000000)
  from space 5120K, 0% used [0x00000000d8500000,0x00000000d8500000,0x00000000d8a00000)
  to   space 5120K, 0% used [0x00000000d8000000,0x00000000d8000000,0x00000000d8500000)
 ParOldGen       total 86016K, used 0K [0x0000000082000000, 0x0000000087400000, 0x00000000d6000000)
  object space 86016K, 0% used [0x0000000082000000,0x0000000082000000,0x0000000087400000)
 Metaspace       used 8812K, capacity 8892K, committed 9088K, reserved 1056768K
  class space    used 1053K, capacity 1112K, committed 1152K, reserved 1048576K
Event: 1.310 GC heap after
Heap after GC invocations=1 (full 0):
 PSYoungGen      total 37888K, used 5095K [0x00000000d6000000, 0x00000000d8a00000, 0x0000000100000000)
  eden space 32768K, 0% used [0x00000000d6000000,0x00000000d6000000,0x00000000d8000000)
  from space 5120K, 99% used [0x00000000d8000000,0x00000000d84f9e68,0x00000000d8500000)
  to   space 5120K, 0% used [0x00000000d8500000,0x00000000d8500000,0x00000000d8a00000)
 ParOldGen       total 86016K, used 289K [0x0000000082000000, 0x0000000087400000, 0x00000000d6000000)
  object space 86016K, 0% used [0x0000000082000000,0x0000000082048450,0x0000000087400000)
 Metaspace       used 8812K, capacity 8892K, committed 9088K, reserved 1056768K
  class space    used 1053K, capacity 1112K, committed 1152K, reserved 1048576K
}
Event: 1.576 GC heap before
{Heap before GC invocations=2 (full 0):
 PSYoungGen      total 37888K, used 25567K [0x00000000d6000000, 0x00000000d8a00000, 0x0000000100000000)
  eden space 32768K, 62% used [0x00000000d6000000,0x00000000d73fe010,0x00000000d8000000)
  from space 5120K, 99% used [0x00000000d8000000,0x00000000d84f9e68,0x00000000d8500000)
  to   space 5120K, 0% used [0x00000000d8500000,0x00000000d8500000,0x00000000d8a00000)
 ParOldGen       total 86016K, used 289K [0x0000000082000000, 0x0000000087400000, 0x00000000d6000000)
  object space 86016K, 0% used [0x0000000082000000,0x0000000082048450,0x0000000087400000)
 Metaspace       used 10320K, capacity 10432K, committed 10624K, reserved 1062912K
  class space    used 1230K, capacity 1281K, committed 1408K, reserved 1048576K
Event: 1.581 GC heap after
Heap after GC invocations=2 (full 0):
 PSYoungGen      total 37888K, used 4864K [0x00000000d6000000, 0x00000000d8a00000, 0x0000000100000000)
  eden space 32768K, 0% used [0x00000000d6000000,0x00000000d6000000,0x00000000d8000000)
  from space 5120K, 95% used [0x00000000d8500000,0x00000000d89c0308,0x00000000d8a00000)
  to   space 5120K, 0% used [0x00000000d8000000,0x00000000d8000000,0x00000000d8500000)
 ParOldGen       total 86016K, used 297K [0x0000000082000000, 0x0000000087400000, 0x00000000d6000000)
  object space 86016K, 0% used [0x0000000082000000,0x000000008204a450,0x0000000087400000)
 Metaspace       used 10320K, capacity 10432K, committed 10624K, reserved 1062912K
  class space    used 1230K, capacity 1281K, committed 1408K, reserved 1048576K
}
Event: 1.581 GC heap before
{Heap before GC invocations=3 (full 1):
 PSYoungGen      total 37888K, used 4864K [0x00000000d6000000, 0x00000000d8a00000, 0x0000000100000000)
  eden space 32768K, 0% used [0x00000000d6000000,0x00000000d6000000,0x00000000d8000000)
  from space 5120K, 95% used [0x00000000d8500000,0x00000000d89c0308,0x00000000d8a00000)
  to   space 5120K, 0% used [0x00000000d8000000,0x00000000d8000000,0x00000000d8500000)
 ParOldGen       total 86016K, used 297K [0x0000000082000000, 0x0000000087400000, 0x00000000d6000000)
  object space 86016K, 0% used [0x0000000082000000,0x000000008204a450,0x0000000087400000)
 Metaspace       used 10320K, capacity 10432K, committed 10624K, reserved 1062912K
  class space    used 1230K, capacity 1281K, committed 1408K, reserved 1048576K
Event: 1.598 GC heap after
Heap after GC invocations=3 (full 1):
 PSYoungGen      total 37888K, used 0K [0x00000000d6000000, 0x00000000d8a00000, 0x0000000100000000)
  eden space 32768K, 0% used [0x00000000d6000000,0x00000000d6000000,0x00000000d8000000)
  from space 5120K, 0% used [0x00000000d8500000,0x00000000d8500000,0x00000000d8a00000)
  to   space 5120K, 0% used [0x00000000d8000000,0x00000000d8000000,0x00000000d8500000)
 ParOldGen       total 52736K, used 4703K [0x0000000082000000, 0x0000000085380000, 0x00000000d6000000)
  object space 52736K, 8% used [0x0000000082000000,0x0000000082497de0,0x0000000085380000)
 Metaspace       used 10320K, capacity 10432K, committed 10624K, reserved 1060864K
  class space    used 1230K, capacity 1281K, committed 1408K, reserved 1048576K
}
Event: 2.152 GC heap before
{Heap before GC invocations=4 (full 1):
 PSYoungGen      total 37888K, used 32768K [0x00000000d6000000, 0x00000000d8a00000, 0x0000000100000000)
  eden space 32768K, 100% used [0x00000000d6000000,0x00000000d8000000,0x00000000d8000000)
  from space 5120K, 0% used [0x00000000d8500000,0x00000000d8500000,0x00000000d8a00000)
  to   space 5120K, 0% used [0x00000000d8000000,0x00000000d8000000,0x00000000d8500000)
 ParOldGen       total 52736K, used 4703K [0x0000000082000000, 0x0000000085380000, 0x00000000d6000000)
  object space 52736K, 8% used [0x0000000082000000,0x0000000082497de0,0x0000000085380000)
 Metaspace       used 13756K, capacity 13994K, committed 14208K, reserved 1062912K
  class space    used 1711K, capacity 1802K, committed 1920K, reserved 1048576K
Event: 2.156 GC heap after
Heap after GC invocations=4 (full 1):
 PSYoungGen      total 37888K, used 4696K [0x00000000d6000000, 0x00000000d9b00000, 0x0000000100000000)
  eden space 32768K, 0% used [0x00000000d6000000,0x00000000d6000000,0x00000000d8000000)
  from space 5120K, 91% used [0x00000000d8000000,0x00000000d8496340,0x00000000d8500000)
  to   space 5120K, 0% used [0x00000000d9600000,0x00000000d9600000,0x00000000d9b00000)
 ParOldGen       total 52736K, used 4711K [0x0000000082000000, 0x0000000085380000, 0x00000000d6000000)
  object space 52736K, 8% used [0x0000000082000000,0x0000000082499de0,0x0000000085380000)
 Metaspace       used 13756K, capacity 13994K, committed 14208K, reserved 1062912K
  class space    used 1711K, capacity 1802K, committed 1920K, reserved 1048576K
}

Deoptimization events (10 events):
Event: 0.286 Thread 0x0000000003252800 Uncommon trap: reason=unstable_if action=reinterpret pc=0x00000000034cac98 method=sun.nio.cs.UTF_8$Encoder.encode([CII[B)I @ 33
Event: 1.200 Thread 0x0000000003252800 Uncommon trap: reason=unstable_if action=reinterpret pc=0x00000000035cbb04 method=java.util.HashMap.getNode(ILjava/lang/Object;)Ljava/util/HashMap$Node; @ 129
Event: 1.261 Thread 0x0000000003252800 Uncommon trap: reason=unstable_if action=reinterpret pc=0x000000000362f9a4 method=java.nio.charset.CoderResult.isOverflow()Z @ 5
Event: 1.331 Thread 0x0000000003252800 Uncommon trap: reason=unstable_if action=reinterpret pc=0x0000000003646118 method=java.io.Reader.read()I @ 12
Event: 1.410 Thread 0x0000000003252800 Uncommon trap: reason=unstable_if action=reinterpret pc=0x00000000035d02f0 method=java.util.HashMap.getNode(ILjava/lang/Object;)Ljava/util/HashMap$Node; @ 129
Event: 1.422 Thread 0x0000000003252800 Uncommon trap: reason=range_check action=make_not_entrant pc=0x000000000368bee0 method=sun.reflect.generics.parser.SignatureParser.current()C @ 34
Event: 1.559 Thread 0x0000000003252800 Uncommon trap: reason=unstable_if action=reinterpret pc=0x00000000036e3574 method=java.lang.String.lastIndexOf([CII[CIII)I @ 118
Event: 2.197 Thread 0x0000000003252800 Uncommon trap: reason=null_check action=make_not_entrant pc=0x000000000356e794 method=java.lang.String.equals(Ljava/lang/Object;)Z @ 8
Event: 2.209 Thread 0x0000000003252800 Uncommon trap: reason=unstable_if action=reinterpret pc=0x0000000003557ac4 method=sun.misc.MetaIndex.mayContain(Ljava/lang/String;)Z @ 38
Event: 2.210 Thread 0x0000000003252800 Uncommon trap: reason=unstable_if action=reinterpret pc=0x00000000035c15b4 method=sun.net.www.ParseUtil.encodePath(Ljava/lang/String;Z)Ljava/lang/String; @ 109

Classes redefined (0 events):
No events

Internal exceptions (10 events):
Event: 1.188 Thread 0x0000000003252800 Exception <a 'java/lang/ArrayIndexOutOfBoundsException'> (0x00000000d7897558) thrown at [C:\re\workspace\8-2-build-windows-amd64-cygwin\jdk8u202\12323\hotspot\src\share\vm\runtime\sharedRuntime.cpp, line 605]
Event: 1.191 Thread 0x0000000003252800 Exception <a 'java/lang/ArrayIndexOutOfBoundsException'> (0x00000000d78b5640) thrown at [C:\re\workspace\8-2-build-windows-amd64-cygwin\jdk8u202\12323\hotspot\src\share\vm\runtime\sharedRuntime.cpp, line 605]
Event: 1.200 Thread 0x0000000003252800 Exception <a 'java/lang/ArrayIndexOutOfBoundsException'> (0x00000000d78fa398) thrown at [C:\re\workspace\8-2-build-windows-amd64-cygwin\jdk8u202\12323\hotspot\src\share\vm\runtime\sharedRuntime.cpp, line 605]
Event: 1.343 Thread 0x0000000003252800 Exception <a 'java/lang/ArrayIndexOutOfBoundsException'> (0x00000000d62dc5b8) thrown at [C:\re\workspace\8-2-build-windows-amd64-cygwin\jdk8u202\12323\hotspot\src\share\vm\runtime\sharedRuntime.cpp, line 605]
Event: 1.344 Thread 0x0000000003252800 Exception <a 'java/lang/ArrayIndexOutOfBoundsException'> (0x00000000d62e16d8) thrown at [C:\re\workspace\8-2-build-windows-amd64-cygwin\jdk8u202\12323\hotspot\src\share\vm\runtime\sharedRuntime.cpp, line 605]
Event: 1.422 Thread 0x0000000003252800 Exception <a 'java/lang/ArrayIndexOutOfBoundsException': 66> (0x00000000d66458e8) thrown at [C:\re\workspace\8-2-build-windows-amd64-cygwin\jdk8u202\12323\hotspot\src\share\vm\interpreter\interpreterRuntime.cpp, line 368]
Event: 2.066 Thread 0x0000000003252800 Exception <a 'java/lang/NoClassDefFoundError': com/google/inject/servlet/ServletModuleTargetVisitor> (0x00000000d7d4dc38) thrown at [C:\re\workspace\8-2-build-windows-amd64-cygwin\jdk8u202\12323\hotspot\src\share\vm\classfile\systemDictionary.cpp, line 19
Event: 2.066 Thread 0x0000000003252800 Exception <a 'java/lang/NoClassDefFoundError'> (0x00000000d7d4dc38) thrown at [C:\re\workspace\8-2-build-windows-amd64-cygwin\jdk8u202\12323\hotspot\src\share\vm\prims\jvm.cpp, line 1506]
Event: 2.066 Thread 0x0000000003252800 Exception <a 'java/lang/NoClassDefFoundError': javax/annotation/Priority> (0x00000000d7d52948) thrown at [C:\re\workspace\8-2-build-windows-amd64-cygwin\jdk8u202\12323\hotspot\src\share\vm\classfile\systemDictionary.cpp, line 199]
Event: 2.197 Thread 0x0000000003252800 Implicit null exception at 0x000000000356e5db to 0x000000000356e785

Events (10 events):
Event: 2.236 loading class org/codehaus/plexus/interpolation/RegexBasedInterpolator
Event: 2.236 loading class org/codehaus/plexus/interpolation/RegexBasedInterpolator done
Event: 2.237 loading class org/codehaus/plexus/interpolation/InterpolationCycleException
Event: 2.237 loading class org/codehaus/plexus/interpolation/InterpolationCycleException done
Event: 2.238 loading class org/codehaus/plexus/interpolation/PropertiesBasedValueSource
Event: 2.238 loading class org/codehaus/plexus/interpolation/PropertiesBasedValueSource done
Event: 2.238 loading class org/codehaus/plexus/interpolation/AbstractValueSource
Event: 2.238 loading class org/codehaus/plexus/interpolation/AbstractValueSource done
Event: 2.239 loading class org/codehaus/plexus/interpolation/EnvarBasedValueSource
Event: 2.239 loading class org/codehaus/plexus/interpolation/EnvarBasedValueSource done


Dynamic libraries:
0x00007ff667740000 - 0x00007ff667777000 	F:\JAVA\bin\java.exe
0x00007ffe13d50000 - 0x00007ffe13f45000 	C:\WINDOWS\SYSTEM32\ntdll.dll
0x00007ffe13140000 - 0x00007ffe131fd000 	C:\WINDOWS\System32\KERNEL32.DLL
0x00007ffe11610000 - 0x00007ffe118d8000 	C:\WINDOWS\System32\KERNELBASE.dll
0x00007ffe12460000 - 0x00007ffe1250c000 	C:\WINDOWS\System32\ADVAPI32.dll
0x00007ffe138b0000 - 0x00007ffe1394e000 	C:\WINDOWS\System32\msvcrt.dll
0x00007ffe12310000 - 0x00007ffe123ab000 	C:\WINDOWS\System32\sechost.dll
0x00007ffe12860000 - 0x00007ffe1298b000 	C:\WINDOWS\System32\RPCRT4.dll
0x00007ffe13950000 - 0x00007ffe13af0000 	C:\WINDOWS\System32\USER32.dll
0x00007ffe11490000 - 0x00007ffe114b2000 	C:\WINDOWS\System32\win32u.dll
0x00007ffe13c10000 - 0x00007ffe13c3a000 	C:\WINDOWS\System32\GDI32.dll
0x00007ffe11af0000 - 0x00007ffe11bfb000 	C:\WINDOWS\System32\gdi32full.dll
0x00007ffe114f0000 - 0x00007ffe1158d000 	C:\WINDOWS\System32\msvcp_win.dll
0x00007ffe119f0000 - 0x00007ffe11af0000 	C:\WINDOWS\System32\ucrtbase.dll
0x00007ffe077d0000 - 0x00007ffe07a6a000 	C:\WINDOWS\WinSxS\amd64_microsoft.windows.common-controls_6595b64144ccf1df_6.0.19041.844_none_ca00b6081b84eb1d\COMCTL32.dll
0x00007ffe11e10000 - 0x00007ffe11e40000 	C:\WINDOWS\System32\IMM32.DLL
0x0000000055ae0000 - 0x0000000055bb2000 	F:\JAVA\jre\bin\msvcr100.dll
0x0000000055230000 - 0x0000000055ad5000 	F:\JAVA\jre\bin\server\jvm.dll
0x00007ffe13330000 - 0x00007ffe13338000 	C:\WINDOWS\System32\PSAPI.DLL
0x00007ffe07ba0000 - 0x00007ffe07bc7000 	C:\WINDOWS\SYSTEM32\WINMM.dll
0x00007ffdff650000 - 0x00007ffdff659000 	C:\WINDOWS\SYSTEM32\WSOCK32.dll
0x00007ffe09190000 - 0x00007ffe0919a000 	C:\WINDOWS\SYSTEM32\VERSION.dll
0x00007ffe12510000 - 0x00007ffe1257b000 	C:\WINDOWS\System32\WS2_32.dll
0x00007ffe01140000 - 0x00007ffe0114f000 	F:\JAVA\jre\bin\verify.dll
0x00007ffdf57d0000 - 0x00007ffdf57f9000 	F:\JAVA\jre\bin\java.dll
0x00007ffe04d10000 - 0x00007ffe04d33000 	F:\JAVA\jre\bin\instrument.dll
0x00007ffdfd7a0000 - 0x00007ffdfd7b6000 	F:\JAVA\jre\bin\zip.dll
0x00007ffe129f0000 - 0x00007ffe13132000 	C:\WINDOWS\System32\SHELL32.dll
0x00007ffe0f5d0000 - 0x00007ffe0fd61000 	C:\WINDOWS\SYSTEM32\windows.storage.dll
0x00007ffe11ec0000 - 0x00007ffe12215000 	C:\WINDOWS\System32\combase.dll
0x00007ffe10f00000 - 0x00007ffe10f2c000 	C:\WINDOWS\SYSTEM32\Wldp.dll
0x00007ffe123b0000 - 0x00007ffe1245e000 	C:\WINDOWS\System32\SHCORE.dll
0x00007ffe12990000 - 0x00007ffe129e5000 	C:\WINDOWS\System32\shlwapi.dll
0x00007ffe113d0000 - 0x00007ffe113ef000 	C:\WINDOWS\SYSTEM32\profapi.dll
0x00007ffe04cf0000 - 0x00007ffe04d0a000 	E:\IDEA2019.2.4\IntelliJ IDEA 2019.2.4\bin\breakgen64.dll
0x00007ffdfbc30000 - 0x00007ffdfbc4a000 	F:\JAVA\jre\bin\net.dll
0x00007ffe01b00000 - 0x00007ffe01cee000 	C:\WINDOWS\SYSTEM32\urlmon.dll
0x00007ffe05d70000 - 0x00007ffe06020000 	C:\WINDOWS\SYSTEM32\iertutil.dll
0x00007ffe10c00000 - 0x00007ffe10c6a000 	C:\WINDOWS\system32\mswsock.dll
0x00007ffe10e00000 - 0x00007ffe10e18000 	C:\WINDOWS\SYSTEM32\CRYPTSP.dll
0x00007ffe10540000 - 0x00007ffe10574000 	C:\WINDOWS\system32\rsaenh.dll
0x00007ffe114c0000 - 0x00007ffe114e7000 	C:\WINDOWS\System32\bcrypt.dll
0x00007ffe11350000 - 0x00007ffe1137e000 	C:\WINDOWS\SYSTEM32\USERENV.dll
0x00007ffe11590000 - 0x00007ffe11610000 	C:\WINDOWS\System32\bcryptprimitives.dll
0x00007ffe10dd0000 - 0x00007ffe10ddc000 	C:\WINDOWS\SYSTEM32\CRYPTBASE.dll
0x00007ffe10890000 - 0x00007ffe108cb000 	C:\WINDOWS\SYSTEM32\IPHLPAPI.DLL
0x00007ffe12850000 - 0x00007ffe12858000 	C:\WINDOWS\System32\NSI.dll
0x00007ffe08f30000 - 0x00007ffe08f47000 	C:\WINDOWS\SYSTEM32\dhcpcsvc6.DLL
0x00007ffe08f70000 - 0x00007ffe08f8d000 	C:\WINDOWS\SYSTEM32\dhcpcsvc.DLL
0x00007ffe108e0000 - 0x00007ffe109ac000 	C:\WINDOWS\SYSTEM32\DNSAPI.dll
0x00007ffdf7ab0000 - 0x00007ffdf7ac2000 	F:\JAVA\jre\bin\nio.dll
0x00007ffe052e0000 - 0x00007ffe052ea000 	C:\Users\Administrator\AppData\Local\Temp\jansi-1.17.1-7438479213205937657.dll
0x00007ffe05260000 - 0x00007ffe0526a000 	C:\Users\Administrator\AppData\Local\Temp\jansi-1.17.1-2632309985555228353.dll

VM Arguments:
jvm_args: -Dmaven.multiModuleProjectDirectory=D:\springCode\onlinelearn -Dmaven.home=E:\Maven\apache-maven-3.6.3 -Dclassworlds.conf=E:\Maven\apache-maven-3.6.3\bin\m2.conf -Dmaven.ext.class.path=E:\IDEA2019.2.4\IntelliJ IDEA 2019.2.4\plugins\maven\lib\maven-event-listener.jar -javaagent:E:\IDEA2019.2.4\IntelliJ IDEA 2019.2.4\lib\idea_rt.jar=1060:E:\IDEA2019.2.4\IntelliJ IDEA 2019.2.4\bin -Dfile.encoding=UTF-8 
java_command: org.codehaus.classworlds.Launcher -Didea.version2019.2.4 -s E:\Maven\apache-maven-3.6.3\conf\settings.xml -Dmaven.repo.local=E:\Maven\repository -DskipTests=true mybatis-generator:generate -e
java_class_path (initial): E:\Maven\apache-maven-3.6.3\boot\plexus-classworlds-2.6.0.jar;E:\Maven\apache-maven-3.6.3\boot\plexus-classworlds.license;E:\IDEA2019.2.4\IntelliJ IDEA 2019.2.4\lib\idea_rt.jar
Launcher Type: SUN_STANDARD

Environment Variables:
JAVA_HOME=F:\JAVA
CLASSPATH=.;F:\JAVA\lib\dt.jar;F:\JAVA\lib\tools.jar;E:\code；D:\Tomcat9.0\lib\servlet-api.jar
PATH=C:\Program Files (x86)\NVIDIA Corporation\PhysX\Common;C:\Program Files\MySQL\MySQL Server 5.7\bin;C:\Program Files (x86)\Common Files\Oracle\Java\javapath;F:\JAVA\bin;F:\JAVA\jre\bin;F:\git\cmd;E:\Maven\apache-maven-3.6.3\bin;C:\WINDOWS\system32;C:\WINDOWS;C:\WINDOWS\system32\wbem;F:\Install\;F:\Go语言\bin;C:\WINDOWS\System32\Wbem;C:\WINDOWS\System32\WindowsPowerShell\v1.0\;D:\Tomcat9.0\lib;D:\Tomcat9.0\bin;C:\Users\Administrator\python\Scripts\;C:\Users\Administrator\python\;C:\python学习\Scripts\;C:\python学习\;F:\Python学习\Scripts\;F:\Python学习\;C:\Users\Administrator\AppData\Local\Microsoft\WindowsApps;C:\Users\Administrator\.dotnet\tools;C:\Windows\System32;E:\spring-boot-cli-1.5.13.RELEASE-bin\spring-1.5.13.RELEASE\bin;F:\SSHSecureShellClient-3.2.9;F:\Install\Microsoft VS Code\bin;C:\Users\Administrator\AppData\Roaming\npm;F:\Install\node_gloable;E:\Gradel\gradle-4.1-all\gradle-4.1\bin;C:\Users\Administrator\go\bin;F:\GoInstall\bin;C:\Users\Administrator\AppData\Local\Microsoft\WindowsApps
USERNAME=Administrator
OS=Windows_NT
PROCESSOR_IDENTIFIER=Intel64 Family 6 Model 142 Stepping 9, GenuineIntel



---------------  S Y S T E M  ---------------

OS: Windows 10.0 , 64 bit Build 19041 (10.0.19041.928)

CPU:total 4 (initial active 4) (2 cores per cpu, 2 threads per core) family 6 model 142 stepping 9, cmov, cx8, fxsr, mmx, sse, sse2, sse3, ssse3, sse4.1, sse4.2, popcnt, avx, avx2, aes, clmul, erms, 3dnowpref, lzcnt, ht, tsc, tscinvbit, bmi1, bmi2, adx

Memory: 4k page, physical 8254640k(995480k free), swap 8254640k(5492k free)

vm_info: Java HotSpot(TM) 64-Bit Server VM (25.202-b08) for windows-amd64 JRE (1.8.0_202-b08), built on Dec 15 2018 19:54:30 by "java_re" with MS VC++ 10.0 (VS2010)

time: Wed Apr 28 18:27:40 2021
timezone: 中国标准时间
elapsed time: 2 seconds (0d 0h 0m 2s)

