#
# There is insufficient memory for the Java Runtime Environment to continue.
# Native memory allocation (malloc) failed to allocate 1468224 bytes for Chunk::new
# Possible reasons:
#   The system is out of physical RAM or swap space
#   The process is running with CompressedOops enabled, and the Java Heap may be blocking the growth of the native heap
# Possible solutions:
#   Reduce memory load on the system
#   Increase physical memory or swap space
#   Check if swap backing store is full
#   Decrease Java heap size (-Xmx/-Xms)
#   Decrease number of Java threads
#   Decrease Java thread stack sizes (-Xss)
#   Set larger code cache with -XX:ReservedCodeCacheSize=
#   JVM is running with Unscaled Compressed Oops mode in which the Java heap is
#     placed in the first 4GB address space. The Java Heap base address is the
#     maximum limit for the native heap growth. Please use -XX:HeapBaseMinAddress
#     to set the Java Heap base and to place the Java Heap above 4GB virtual address.
# This output file may be truncated or incomplete.
#
#  Out of Memory Error (allocation.cpp:389), pid=8852, tid=0x00000000000040a0
#
# JRE version: Java(TM) SE Runtime Environment (8.0_202-b08) (build 1.8.0_202-b08)
# Java VM: Java HotSpot(TM) 64-Bit Server VM (25.202-b08 mixed mode windows-amd64 compressed oops)
# Failed to write core dump. Minidumps are not enabled by default on client versions of Windows
#

---------------  T H R E A D  ---------------

Current thread (0x00000000188eb800):  JavaThread "C2 CompilerThread1" daemon [_thread_in_native, id=16544, stack(0x00000000190b0000,0x00000000191b0000)]

Stack: [0x00000000190b0000,0x00000000191b0000]
[error occurred during error reporting (printing stack bounds), id 0xc0000005]

Native frames: (J=compiled Java code, j=interpreted, Vv=VM code, C=native code)


Current CompileTask:
C2:   4353 2571   !   4       org.codehaus.plexus.interpolation.StringSearchInterpolator::interpolate (650 bytes)


---------------  P R O C E S S  ---------------

Java Threads: ( => current thread )
  0x0000000018985800 JavaThread "Service Thread" daemon [_thread_blocked, id=5248, stack(0x00000000192b0000,0x00000000193b0000)]
  0x00000000188ec800 JavaThread "C1 CompilerThread2" daemon [_thread_in_native, id=7820, stack(0x00000000191b0000,0x00000000192b0000)]
=>0x00000000188eb800 JavaThread "C2 CompilerThread1" daemon [_thread_in_native, id=16544, stack(0x00000000190b0000,0x00000000191b0000)]
  0x00000000188e8800 JavaThread "C2 CompilerThread0" daemon [_thread_in_native, id=12412, stack(0x0000000018fb0000,0x00000000190b0000)]
  0x00000000188e7000 JavaThread "Monitor Ctrl-Break" daemon [_thread_in_native, id=13372, stack(0x0000000018eb0000,0x0000000018fb0000)]
  0x0000000017511800 JavaThread "Attach Listener" daemon [_thread_blocked, id=12868, stack(0x0000000018db0000,0x0000000018eb0000)]
  0x00000000174fa800 JavaThread "Signal Dispatcher" daemon [_thread_blocked, id=12688, stack(0x0000000018cb0000,0x0000000018db0000)]
  0x00000000029dc000 JavaThread "Finalizer" daemon [_thread_blocked, id=1028, stack(0x0000000018750000,0x0000000018850000)]
  0x00000000174ea000 JavaThread "Reference Handler" daemon [_thread_blocked, id=10420, stack(0x0000000018650000,0x0000000018750000)]
  0x00000000028e2800 JavaThread "main" [_thread_in_vm, id=18184, stack(0x0000000002670000,0x0000000002770000)]

Other Threads:
  0x00000000174c8800 VMThread [stack: 0x0000000018550000,0x0000000018650000] [id=4756]
  0x00000000189a8800 WatcherThread [stack: 0x00000000193b0000,0x00000000194b0000] [id=4708]

VM state:not at safepoint (normal execution)

VM Mutex/Monitor currently owned by a thread:  ([mutex/lock_event])
[0x00000000028e1e50] Compile_lock - owner thread: 0x00000000188ec800
[0x00000000028e06d0] MethodCompileQueue_lock - owner thread: 0x00000000188ec800

heap address: 0x0000000082000000, size: 2016 MB, Compressed Oops mode: 32-bit
Narrow klass base: 0x0000000000000000, Narrow klass shift: 3
Compressed class space size: 1073741824 Address: 0x0000000100000000

Heap:
 PSYoungGen      total 70656K, used 24802K [0x00000000d6000000, 0x00000000daa00000, 0x0000000100000000)
  eden space 65536K, 30% used [0x00000000d6000000,0x00000000d733a7e8,0x00000000da000000)
  from space 5120K, 99% used [0x00000000da500000,0x00000000da9fe050,0x00000000daa00000)
  to   space 5120K, 0% used [0x00000000da000000,0x00000000da000000,0x00000000da500000)
 ParOldGen       total 86016K, used 8284K [0x0000000082000000, 0x0000000087400000, 0x00000000d6000000)
  object space 86016K, 9% used [0x0000000082000000,0x00000000828171d0,0x0000000087400000)
 Metaspace       used 16363K, capacity 16696K, committed 16896K, reserved 1064960K
  class space    used 1926K, capacity 2011K, committed 2048K, reserved 1048576K

Card table byte_map: [0x0000000011da0000,0x00000000121a0000] byte_map_base: 0x0000000011990000

Marking Bits: (ParMarkBitMap*) 0x0000000055a55ce0
 Begin Bits: [0x0000000012840000, 0x00000000147c0000)
 End Bits:   [0x00000000147c0000, 0x0000000016740000)

Polling page: 0x0000000000c00000

CodeCache: size=245760Kb used=8783Kb max_used=8783Kb free=236976Kb
 bounds [0x00000000029e0000, 0x0000000003280000, 0x00000000119e0000]
 total_blobs=3024 nmethods=2649 adapters=287
 compilation: enabled

Compilation events (10 events):
Event: 3.937 Thread 0x00000000188e8800 2652       4       org.apache.maven.repository.internal.ArtifactDescriptorReaderDelegate::convert (205 bytes)
Event: 4.334 Thread 0x00000000188ec800 2654       1       org.apache.maven.model.Plugin::setGroupId (6 bytes)
Event: 4.334 Thread 0x00000000188ec800 nmethod 2654 0x0000000003275710 code [0x0000000003275860, 0x0000000003275990]
Event: 4.335 Thread 0x00000000188ec800 2655   !   3       org.fusesource.jansi.FilterPrintStream::println (24 bytes)
Event: 4.336 Thread 0x00000000188ec800 nmethod 2655 0x0000000003274250 code [0x0000000003274440, 0x0000000003275038]
Event: 4.341 Thread 0x00000000188ec800 2656       3       java.util.regex.Pattern$Begin::match (62 bytes)
Event: 4.341 Thread 0x00000000188ec800 nmethod 2656 0x0000000003276990 code [0x0000000003276b00, 0x0000000003276e68]
Event: 4.348 Thread 0x00000000188ec800 2657       3       java.io.FileInputStream::<init> (110 bytes)
Event: 4.348 Thread 0x00000000188ec800 nmethod 2657 0x0000000003277010 code [0x0000000003277220, 0x0000000003277c98]
Event: 4.350 Thread 0x00000000188ec800 2659       3       org.codehaus.plexus.util.xml.pull.MXParser::nextImpl (1202 bytes)

GC Heap History (8 events):
Event: 1.363 GC heap before
{Heap before GC invocations=1 (full 0):
 PSYoungGen      total 37888K, used 32768K [0x00000000d6000000, 0x00000000d8a00000, 0x0000000100000000)
  eden space 32768K, 100% used [0x00000000d6000000,0x00000000d8000000,0x00000000d8000000)
  from space 5120K, 0% used [0x00000000d8500000,0x00000000d8500000,0x00000000d8a00000)
  to   space 5120K, 0% used [0x00000000d8000000,0x00000000d8000000,0x00000000d8500000)
 ParOldGen       total 86016K, used 0K [0x0000000082000000, 0x0000000087400000, 0x00000000d6000000)
  object space 86016K, 0% used [0x0000000082000000,0x0000000082000000,0x0000000087400000)
 Metaspace       used 8820K, capacity 8940K, committed 9088K, reserved 1056768K
  class space    used 1053K, capacity 1112K, committed 1152K, reserved 1048576K
Event: 1.372 GC heap after
Heap after GC invocations=1 (full 0):
 PSYoungGen      total 37888K, used 5092K [0x00000000d6000000, 0x00000000d8a00000, 0x0000000100000000)
  eden space 32768K, 0% used [0x00000000d6000000,0x00000000d6000000,0x00000000d8000000)
  from space 5120K, 99% used [0x00000000d8000000,0x00000000d84f91e8,0x00000000d8500000)
  to   space 5120K, 0% used [0x00000000d8500000,0x00000000d8500000,0x00000000d8a00000)
 ParOldGen       total 86016K, used 261K [0x0000000082000000, 0x0000000087400000, 0x00000000d6000000)
  object space 86016K, 0% used [0x0000000082000000,0x0000000082041428,0x0000000087400000)
 Metaspace       used 8820K, capacity 8940K, committed 9088K, reserved 1056768K
  class space    used 1053K, capacity 1112K, committed 1152K, reserved 1048576K
}
Event: 1.797 GC heap before
{Heap before GC invocations=2 (full 0):
 PSYoungGen      total 37888K, used 37860K [0x00000000d6000000, 0x00000000d8a00000, 0x0000000100000000)
  eden space 32768K, 100% used [0x00000000d6000000,0x00000000d8000000,0x00000000d8000000)
  from space 5120K, 99% used [0x00000000d8000000,0x00000000d84f91e8,0x00000000d8500000)
  to   space 5120K, 0% used [0x00000000d8500000,0x00000000d8500000,0x00000000d8a00000)
 ParOldGen       total 86016K, used 261K [0x0000000082000000, 0x0000000087400000, 0x00000000d6000000)
  object space 86016K, 0% used [0x0000000082000000,0x0000000082041428,0x0000000087400000)
 Metaspace       used 11715K, capacity 11934K, committed 12032K, reserved 1060864K
  class space    used 1417K, capacity 1510K, committed 1536K, reserved 1048576K
Event: 1.803 GC heap after
Heap after GC invocations=2 (full 0):
 PSYoungGen      total 37888K, used 5111K [0x00000000d6000000, 0x00000000daa00000, 0x0000000100000000)
  eden space 32768K, 0% used [0x00000000d6000000,0x00000000d6000000,0x00000000d8000000)
  from space 5120K, 99% used [0x00000000d8500000,0x00000000d89fded8,0x00000000d8a00000)
  to   space 5120K, 0% used [0x00000000d8000000,0x00000000d8000000,0x00000000d8500000)
 ParOldGen       total 86016K, used 1808K [0x0000000082000000, 0x0000000087400000, 0x00000000d6000000)
  object space 86016K, 2% used [0x0000000082000000,0x00000000821c4198,0x0000000087400000)
 Metaspace       used 11715K, capacity 11934K, committed 12032K, reserved 1060864K
  class space    used 1417K, capacity 1510K, committed 1536K, reserved 1048576K
}
Event: 2.498 GC heap before
{Heap before GC invocations=3 (full 0):
 PSYoungGen      total 37888K, used 37879K [0x00000000d6000000, 0x00000000daa00000, 0x0000000100000000)
  eden space 32768K, 100% used [0x00000000d6000000,0x00000000d8000000,0x00000000d8000000)
  from space 5120K, 99% used [0x00000000d8500000,0x00000000d89fded8,0x00000000d8a00000)
  to   space 5120K, 0% used [0x00000000d8000000,0x00000000d8000000,0x00000000d8500000)
 ParOldGen       total 86016K, used 1808K [0x0000000082000000, 0x0000000087400000, 0x00000000d6000000)
  object space 86016K, 2% used [0x0000000082000000,0x00000000821c4198,0x0000000087400000)
 Metaspace       used 15558K, capacity 15866K, committed 16128K, reserved 1062912K
  class space    used 1888K, capacity 1974K, committed 2048K, reserved 1048576K
Event: 2.509 GC heap after
Heap after GC invocations=3 (full 0):
 PSYoungGen      total 37888K, used 5096K [0x00000000d6000000, 0x00000000daa00000, 0x0000000100000000)
  eden space 32768K, 0% used [0x00000000d6000000,0x00000000d6000000,0x00000000d8000000)
  from space 5120K, 99% used [0x00000000d8000000,0x00000000d84fa020,0x00000000d8500000)
  to   space 5120K, 0% used [0x00000000da500000,0x00000000da500000,0x00000000daa00000)
 ParOldGen       total 86016K, used 4577K [0x0000000082000000, 0x0000000087400000, 0x00000000d6000000)
  object space 86016K, 5% used [0x0000000082000000,0x00000000824787f0,0x0000000087400000)
 Metaspace       used 15558K, capacity 15866K, committed 16128K, reserved 1062912K
  class space    used 1888K, capacity 1974K, committed 2048K, reserved 1048576K
}
Event: 3.278 GC heap before
{Heap before GC invocations=4 (full 0):
 PSYoungGen      total 37888K, used 37864K [0x00000000d6000000, 0x00000000daa00000, 0x0000000100000000)
  eden space 32768K, 100% used [0x00000000d6000000,0x00000000d8000000,0x00000000d8000000)
  from space 5120K, 99% used [0x00000000d8000000,0x00000000d84fa020,0x00000000d8500000)
  to   space 5120K, 0% used [0x00000000da500000,0x00000000da500000,0x00000000daa00000)
 ParOldGen       total 86016K, used 4577K [0x0000000082000000, 0x0000000087400000, 0x00000000d6000000)
  object space 86016K, 5% used [0x0000000082000000,0x00000000824787f0,0x0000000087400000)
 Metaspace       used 16087K, capacity 16440K, committed 16640K, reserved 1064960K
  class space    used 1904K, capacity 2011K, committed 2048K, reserved 1048576K
Event: 3.290 GC heap after
Heap after GC invocations=4 (full 0):
 PSYoungGen      total 70656K, used 5112K [0x00000000d6000000, 0x00000000daa00000, 0x0000000100000000)
  eden space 65536K, 0% used [0x00000000d6000000,0x00000000d6000000,0x00000000da000000)
  from space 5120K, 99% used [0x00000000da500000,0x00000000da9fe050,0x00000000daa00000)
  to   space 5120K, 0% used [0x00000000da000000,0x00000000da000000,0x00000000da500000)
 ParOldGen       total 86016K, used 8284K [0x0000000082000000, 0x0000000087400000, 0x00000000d6000000)
  object space 86016K, 9% used [0x0000000082000000,0x00000000828171d0,0x0000000087400000)
 Metaspace       used 16087K, capacity 16440K, committed 16640K, reserved 1064960K
  class space    used 1904K, capacity 2011K, committed 2048K, reserved 1048576K
}

Deoptimization events (10 events):
Event: 2.994 Thread 0x00000000028e2800 Uncommon trap: reason=unstable_if action=reinterpret pc=0x0000000002da3fa0 method=java.lang.String.regionMatches(ZILjava/lang/String;II)Z @ 25
Event: 3.052 Thread 0x00000000028e2800 Uncommon trap: reason=unstable_if action=reinterpret pc=0x000000000312a644 method=org.apache.maven.model.validation.DefaultModelValidator.isValidIdCharacter(C)Z @ 51
Event: 3.222 Thread 0x00000000028e2800 Uncommon trap: reason=null_check action=make_not_entrant pc=0x000000000319195c method=org.apache.maven.model.io.xpp3.MavenXpp3Reader.checkFieldWithDuplicate(Lorg/codehaus/plexus/util/xml/pull/XmlPullParser;Ljava/lang/String;Ljava/lang/String;Ljava/util/Se
Event: 3.324 Thread 0x00000000028e2800 Uncommon trap: reason=null_check action=make_not_entrant pc=0x00000000031db43c method=org.apache.maven.model.validation.DefaultModelValidator.validateEffectiveDependency(Lorg/apache/maven/model/building/ModelProblemCollector;Lorg/apache/maven/model/Depend
Event: 3.404 Thread 0x00000000028e2800 Uncommon trap: reason=unstable_if action=reinterpret pc=0x0000000003119cbc method=org.codehaus.plexus.util.xml.pull.MXParser.nextImpl()I @ 1161
Event: 3.495 Thread 0x00000000028e2800 Uncommon trap: reason=unstable_if action=reinterpret pc=0x000000000316db38 method=java.util.HashMap.hash(Ljava/lang/Object;)I @ 1
Event: 3.495 Thread 0x00000000028e2800 Uncommon trap: reason=unstable_if action=reinterpret pc=0x000000000307d1a0 method=java.util.HashMap.hash(Ljava/lang/Object;)I @ 1
Event: 3.496 Thread 0x00000000028e2800 Uncommon trap: reason=unstable_if action=reinterpret pc=0x0000000002da0b20 method=java.util.HashMap.hash(Ljava/lang/Object;)I @ 1
Event: 3.496 Thread 0x00000000028e2800 Uncommon trap: reason=unstable_if action=reinterpret pc=0x0000000002d84798 method=java.util.HashMap.hash(Ljava/lang/Object;)I @ 1
Event: 4.350 Thread 0x00000000028e2800 Uncommon trap: reason=unstable_if action=reinterpret pc=0x000000000321a5d8 method=org.codehaus.plexus.util.xml.pull.MXParser.nextImpl()I @ 972

Classes redefined (0 events):
No events

Internal exceptions (10 events):
Event: 2.215 Thread 0x00000000028e2800 Implicit null exception at 0x0000000002bd11db to 0x0000000002bd1385
Event: 2.369 Thread 0x00000000028e2800 Implicit null exception at 0x0000000002d58896 to 0x0000000002d58c31
Event: 2.369 Thread 0x00000000028e2800 Implicit null exception at 0x0000000002c02096 to 0x0000000002c0242d
Event: 2.648 Thread 0x00000000028e2800 Implicit null exception at 0x000000000303ef17 to 0x00000000030401a1
Event: 3.222 Thread 0x00000000028e2800 Implicit null exception at 0x00000000031916f7 to 0x0000000003191941
Event: 3.324 Thread 0x00000000028e2800 Implicit null exception at 0x00000000031da7b0 to 0x00000000031db42d
Event: 3.495 Thread 0x00000000028e2800 Implicit null exception at 0x000000000316d885 to 0x000000000316db21
Event: 3.495 Thread 0x00000000028e2800 Implicit null exception at 0x000000000307c946 to 0x000000000307d18d
Event: 3.496 Thread 0x00000000028e2800 Implicit null exception at 0x0000000002da0915 to 0x0000000002da0b11
Event: 3.496 Thread 0x00000000028e2800 Implicit null exception at 0x0000000002d8431b to 0x0000000002d8477d

Events (10 events):
Event: 3.543 loading class org/eclipse/aether/internal/impl/collect/DataPool$GraphKey done
Event: 3.548 loading class org/eclipse/aether/collection/DependencyManagement
Event: 3.548 loading class org/eclipse/aether/collection/DependencyManagement done
Event: 3.926 Executing VM operation: ForceSafepoint
Event: 3.926 Executing VM operation: ForceSafepoint done
Event: 4.197 Executing VM operation: EnableBiasedLocking
Event: 4.296 Executing VM operation: EnableBiasedLocking done
Event: 4.350 Thread 0x00000000028e2800 Uncommon trap: trap_request=0xffffff65 fr.pc=0x000000000321a5d8
Event: 4.350 Thread 0x00000000028e2800 DEOPT PACKING pc=0x000000000321a5d8 sp=0x000000000276c970
Event: 4.350 Thread 0x00000000028e2800 DEOPT UNPACKING pc=0x0000000002a2583b sp=0x000000000276c8d8 mode 2


Dynamic libraries:
0x00007ff667740000 - 0x00007ff667777000 	F:\JAVA\bin\java.exe
0x00007ffe13d50000 - 0x00007ffe13f45000 	C:\WINDOWS\SYSTEM32\ntdll.dll
0x00007ffe13140000 - 0x00007ffe131fd000 	C:\WINDOWS\System32\KERNEL32.DLL
0x00007ffe11610000 - 0x00007ffe118d8000 	C:\WINDOWS\System32\KERNELBASE.dll
0x00007ffe12460000 - 0x00007ffe1250c000 	C:\WINDOWS\System32\ADVAPI32.dll
0x00007ffe138b0000 - 0x00007ffe1394e000 	C:\WINDOWS\System32\msvcrt.dll
0x00007ffe12310000 - 0x00007ffe123ab000 	C:\WINDOWS\System32\sechost.dll
0x00007ffe12860000 - 0x00007ffe1298b000 	C:\WINDOWS\System32\RPCRT4.dll
0x00007ffe13950000 - 0x00007ffe13af0000 	C:\WINDOWS\System32\USER32.dll
0x00007ffe11490000 - 0x00007ffe114b2000 	C:\WINDOWS\System32\win32u.dll
0x00007ffe13c10000 - 0x00007ffe13c3a000 	C:\WINDOWS\System32\GDI32.dll
0x00007ffe11af0000 - 0x00007ffe11bfb000 	C:\WINDOWS\System32\gdi32full.dll
0x00007ffe114f0000 - 0x00007ffe1158d000 	C:\WINDOWS\System32\msvcp_win.dll
0x00007ffe119f0000 - 0x00007ffe11af0000 	C:\WINDOWS\System32\ucrtbase.dll
0x00007ffe077d0000 - 0x00007ffe07a6a000 	C:\WINDOWS\WinSxS\amd64_microsoft.windows.common-controls_6595b64144ccf1df_6.0.19041.844_none_ca00b6081b84eb1d\COMCTL32.dll
0x00007ffe11e10000 - 0x00007ffe11e40000 	C:\WINDOWS\System32\IMM32.DLL
0x0000000055ae0000 - 0x0000000055bb2000 	F:\JAVA\jre\bin\msvcr100.dll
0x0000000055230000 - 0x0000000055ad5000 	F:\JAVA\jre\bin\server\jvm.dll
0x00007ffe13330000 - 0x00007ffe13338000 	C:\WINDOWS\System32\PSAPI.DLL
0x00007ffdff650000 - 0x00007ffdff659000 	C:\WINDOWS\SYSTEM32\WSOCK32.dll
0x00007ffe09190000 - 0x00007ffe0919a000 	C:\WINDOWS\SYSTEM32\VERSION.dll
0x00007ffe12510000 - 0x00007ffe1257b000 	C:\WINDOWS\System32\WS2_32.dll
0x00007ffe07ba0000 - 0x00007ffe07bc7000 	C:\WINDOWS\SYSTEM32\WINMM.dll
0x00007ffe01140000 - 0x00007ffe0114f000 	F:\JAVA\jre\bin\verify.dll
0x00007ffdf57d0000 - 0x00007ffdf57f9000 	F:\JAVA\jre\bin\java.dll
0x00007ffe0e770000 - 0x00007ffe0e793000 	F:\JAVA\jre\bin\instrument.dll
0x00007ffdfd7a0000 - 0x00007ffdfd7b6000 	F:\JAVA\jre\bin\zip.dll
0x00007ffe129f0000 - 0x00007ffe13132000 	C:\WINDOWS\System32\SHELL32.dll
0x00007ffe0f5d0000 - 0x00007ffe0fd61000 	C:\WINDOWS\SYSTEM32\windows.storage.dll
0x00007ffe11ec0000 - 0x00007ffe12215000 	C:\WINDOWS\System32\combase.dll
0x00007ffe10f00000 - 0x00007ffe10f2c000 	C:\WINDOWS\SYSTEM32\Wldp.dll
0x00007ffe123b0000 - 0x00007ffe1245e000 	C:\WINDOWS\System32\SHCORE.dll
0x00007ffe12990000 - 0x00007ffe129e5000 	C:\WINDOWS\System32\shlwapi.dll
0x00007ffe113d0000 - 0x00007ffe113ef000 	C:\WINDOWS\SYSTEM32\profapi.dll
0x00007ffe0e750000 - 0x00007ffe0e76a000 	E:\IDEA2019.2.4\IntelliJ IDEA 2019.2.4\bin\breakgen64.dll
0x00007ffdfbc30000 - 0x00007ffdfbc4a000 	F:\JAVA\jre\bin\net.dll
0x00007ffe01b00000 - 0x00007ffe01cee000 	C:\WINDOWS\SYSTEM32\urlmon.dll
0x00007ffe05d70000 - 0x00007ffe06020000 	C:\WINDOWS\SYSTEM32\iertutil.dll
0x00007ffe10c00000 - 0x00007ffe10c6a000 	C:\WINDOWS\system32\mswsock.dll
0x00007ffe10e00000 - 0x00007ffe10e18000 	C:\WINDOWS\SYSTEM32\CRYPTSP.dll
0x00007ffe10540000 - 0x00007ffe10574000 	C:\WINDOWS\system32\rsaenh.dll
0x00007ffe114c0000 - 0x00007ffe114e7000 	C:\WINDOWS\System32\bcrypt.dll
0x00007ffe11350000 - 0x00007ffe1137e000 	C:\WINDOWS\SYSTEM32\USERENV.dll
0x00007ffe11590000 - 0x00007ffe11610000 	C:\WINDOWS\System32\bcryptprimitives.dll
0x00007ffe10dd0000 - 0x00007ffe10ddc000 	C:\WINDOWS\SYSTEM32\CRYPTBASE.dll
0x00007ffe10890000 - 0x00007ffe108cb000 	C:\WINDOWS\SYSTEM32\IPHLPAPI.DLL
0x00007ffe12850000 - 0x00007ffe12858000 	C:\WINDOWS\System32\NSI.dll
0x00007ffe08f30000 - 0x00007ffe08f47000 	C:\WINDOWS\SYSTEM32\dhcpcsvc6.DLL
0x00007ffe08f70000 - 0x00007ffe08f8d000 	C:\WINDOWS\SYSTEM32\dhcpcsvc.DLL
0x00007ffe108e0000 - 0x00007ffe109ac000 	C:\WINDOWS\SYSTEM32\DNSAPI.dll
0x00007ffdf7ab0000 - 0x00007ffdf7ac2000 	F:\JAVA\jre\bin\nio.dll
0x00007ffe0e740000 - 0x00007ffe0e74a000 	C:\Users\Administrator\AppData\Local\Temp\jansi-1.17.1-9169847138092206962.dll
0x00007ffe0e730000 - 0x00007ffe0e73a000 	C:\Users\Administrator\AppData\Local\Temp\jansi-1.17.1-6097951101766605526.dll

VM Arguments:
jvm_args: -Dmaven.multiModuleProjectDirectory=D:\springCode\onlinelearn -Dmaven.home=E:\Maven\apache-maven-3.6.3 -Dclassworlds.conf=E:\Maven\apache-maven-3.6.3\bin\m2.conf -Dmaven.ext.class.path=E:\IDEA2019.2.4\IntelliJ IDEA 2019.2.4\plugins\maven\lib\maven-event-listener.jar -javaagent:E:\IDEA2019.2.4\IntelliJ IDEA 2019.2.4\lib\idea_rt.jar=1153:E:\IDEA2019.2.4\IntelliJ IDEA 2019.2.4\bin -Dfile.encoding=UTF-8 
java_command: org.codehaus.classworlds.Launcher -Didea.version2019.2.4 -s E:\Maven\apache-maven-3.6.3\conf\settings.xml -Dmaven.repo.local=E:\Maven\repository -DskipTests=true mybatis-generator:generate -e
java_class_path (initial): E:\Maven\apache-maven-3.6.3\boot\plexus-classworlds-2.6.0.jar;E:\Maven\apache-maven-3.6.3\boot\plexus-classworlds.license;E:\IDEA2019.2.4\IntelliJ IDEA 2019.2.4\lib\idea_rt.jar
Launcher Type: SUN_STANDARD

Environment Variables:
JAVA_HOME=F:\JAVA
CLASSPATH=.;F:\JAVA\lib\dt.jar;F:\JAVA\lib\tools.jar;E:\code；D:\Tomcat9.0\lib\servlet-api.jar
PATH=C:\Program Files (x86)\NVIDIA Corporation\PhysX\Common;C:\Program Files\MySQL\MySQL Server 5.7\bin;C:\Program Files (x86)\Common Files\Oracle\Java\javapath;F:\JAVA\bin;F:\JAVA\jre\bin;F:\git\cmd;E:\Maven\apache-maven-3.6.3\bin;C:\WINDOWS\system32;C:\WINDOWS;C:\WINDOWS\system32\wbem;F:\Install\;F:\Go语言\bin;C:\WINDOWS\System32\Wbem;C:\WINDOWS\System32\WindowsPowerShell\v1.0\;D:\Tomcat9.0\lib;D:\Tomcat9.0\bin;C:\Users\Administrator\python\Scripts\;C:\Users\Administrator\python\;C:\python学习\Scripts\;C:\python学习\;F:\Python学习\Scripts\;F:\Python学习\;C:\Users\Administrator\AppData\Local\Microsoft\WindowsApps;C:\Users\Administrator\.dotnet\tools;C:\Windows\System32;E:\spring-boot-cli-1.5.13.RELEASE-bin\spring-1.5.13.RELEASE\bin;F:\SSHSecureShellClient-3.2.9;F:\Install\Microsoft VS Code\bin;C:\Users\Administrator\AppData\Roaming\npm;F:\Install\node_gloable;E:\Gradel\gradle-4.1-all\gradle-4.1\bin;C:\Users\Administrator\go\bin;F:\GoInstall\bin;C:\Users\Administrator\AppData\Local\Microsoft\WindowsApps
USERNAME=Administrator
OS=Windows_NT
PROCESSOR_IDENTIFIER=Intel64 Family 6 Model 142 Stepping 9, GenuineIntel



---------------  S Y S T E M  ---------------

OS: Windows 10.0 , 64 bit Build 19041 (10.0.19041.928)

CPU:total 4 (initial active 4) (2 cores per cpu, 2 threads per core) family 6 model 142 stepping 9, cmov, cx8, fxsr, mmx, sse, sse2, sse3, ssse3, sse4.1, sse4.2, popcnt, avx, avx2, aes, clmul, erms, 3dnowpref, lzcnt, ht, tsc, tscinvbit, bmi1, bmi2, adx

Memory: 4k page, physical 8254640k(927960k free), swap 8254640k(6348k free)

vm_info: Java HotSpot(TM) 64-Bit Server VM (25.202-b08) for windows-amd64 JRE (1.8.0_202-b08), built on Dec 15 2018 19:54:30 by "java_re" with MS VC++ 10.0 (VS2010)

time: Wed Apr 28 18:29:38 2021
timezone: 中国标准时间
elapsed time: 4 seconds (0d 0h 0m 4s)

