#
# There is insufficient memory for the Java Runtime Environment to continue.
# Native memory allocation (malloc) failed to allocate 2374576 bytes for Chunk::new
# Possible reasons:
#   The system is out of physical RAM or swap space
#   The process is running with CompressedOops enabled, and the Java Heap may be blocking the growth of the native heap
# Possible solutions:
#   Reduce memory load on the system
#   Increase physical memory or swap space
#   Check if swap backing store is full
#   Decrease Java heap size (-Xmx/-Xms)
#   Decrease number of Java threads
#   Decrease Java thread stack sizes (-Xss)
#   Set larger code cache with -XX:ReservedCodeCacheSize=
#   JVM is running with Unscaled Compressed Oops mode in which the Java heap is
#     placed in the first 4GB address space. The Java Heap base address is the
#     maximum limit for the native heap growth. Please use -XX:HeapBaseMinAddress
#     to set the Java Heap base and to place the Java Heap above 4GB virtual address.
# This output file may be truncated or incomplete.
#
#  Out of Memory Error (allocation.cpp:389), pid=15484, tid=0x0000000000003138
#
# JRE version: Java(TM) SE Runtime Environment (8.0_202-b08) (build 1.8.0_202-b08)
# Java VM: Java HotSpot(TM) 64-Bit Server VM (25.202-b08 mixed mode windows-amd64 compressed oops)
# Failed to write core dump. Minidumps are not enabled by default on client versions of Windows
#

---------------  T H R E A D  ---------------

Current thread (0x00000000194dc800):  JavaThread "C2 CompilerThread1" daemon [_thread_in_native, id=12600, stack(0x0000000019ca0000,0x0000000019da0000)]

Stack: [0x0000000019ca0000,0x0000000019da0000]
[error occurred during error reporting (printing stack bounds), id 0xc0000005]

Native frames: (J=compiled Java code, j=interpreted, Vv=VM code, C=native code)


Current CompileTask:
C2:   2836 1595   !   4       java.net.URLClassLoader$1::run (63 bytes)


---------------  P R O C E S S  ---------------

Java Threads: ( => current thread )
  0x000000001957a000 JavaThread "Service Thread" daemon [_thread_blocked, id=18008, stack(0x0000000019ea0000,0x0000000019fa0000)]
  0x00000000194dd800 JavaThread "C1 CompilerThread2" daemon [_thread_blocked, id=15548, stack(0x0000000019da0000,0x0000000019ea0000)]
=>0x00000000194dc800 JavaThread "C2 CompilerThread1" daemon [_thread_in_native, id=12600, stack(0x0000000019ca0000,0x0000000019da0000)]
  0x00000000194da000 JavaThread "C2 CompilerThread0" daemon [_thread_in_native, id=7820, stack(0x0000000019ba0000,0x0000000019ca0000)]
  0x00000000194b9800 JavaThread "Monitor Ctrl-Break" daemon [_thread_in_native, id=17536, stack(0x0000000019aa0000,0x0000000019ba0000)]
  0x000000001814b800 JavaThread "Attach Listener" daemon [_thread_blocked, id=11212, stack(0x00000000199a0000,0x0000000019aa0000)]
  0x000000001814a800 JavaThread "Signal Dispatcher" daemon [_thread_blocked, id=7444, stack(0x00000000198a0000,0x00000000199a0000)]
  0x000000000365c000 JavaThread "Finalizer" daemon [_thread_blocked, id=2856, stack(0x00000000193a0000,0x00000000194a0000)]
  0x000000001813a000 JavaThread "Reference Handler" daemon [_thread_blocked, id=16772, stack(0x00000000192a0000,0x00000000193a0000)]
  0x0000000003562800 JavaThread "main" [_thread_in_Java, id=4708, stack(0x0000000003260000,0x0000000003360000)]

Other Threads:
  0x0000000018118800 VMThread [stack: 0x00000000191a0000,0x00000000192a0000] [id=16084]
  0x000000001958b800 WatcherThread [stack: 0x0000000019fa0000,0x000000001a0a0000] [id=10652]

VM state:not at safepoint (normal execution)

VM Mutex/Monitor currently owned by a thread: None

heap address: 0x0000000082000000, size: 2016 MB, Compressed Oops mode: 32-bit
Narrow klass base: 0x0000000000000000, Narrow klass shift: 3
Compressed class space size: 1073741824 Address: 0x0000000100000000

Heap:
 PSYoungGen      total 37888K, used 16243K [0x00000000d6000000, 0x00000000daa00000, 0x0000000100000000)
  eden space 32768K, 33% used [0x00000000d6000000,0x00000000d6aded18,0x00000000d8000000)
  from space 5120K, 99% used [0x00000000d8000000,0x00000000d84fe030,0x00000000d8500000)
  to   space 5120K, 0% used [0x00000000da500000,0x00000000da500000,0x00000000daa00000)
 ParOldGen       total 86016K, used 4548K [0x0000000082000000, 0x0000000087400000, 0x00000000d6000000)
  object space 86016K, 5% used [0x0000000082000000,0x0000000082471270,0x0000000087400000)
 Metaspace       used 15727K, capacity 16034K, committed 16384K, reserved 1062912K
  class space    used 1895K, capacity 1978K, committed 2048K, reserved 1048576K

Card table byte_map: [0x0000000012a20000,0x0000000012e20000] byte_map_base: 0x0000000012610000

Marking Bits: (ParMarkBitMap*) 0x0000000055a55ce0
 Begin Bits: [0x00000000134c0000, 0x0000000015440000)
 End Bits:   [0x0000000015440000, 0x00000000173c0000)

Polling page: 0x0000000002e20000

CodeCache: size=245760Kb used=6300Kb max_used=6300Kb free=239459Kb
 bounds [0x0000000003660000, 0x0000000003c90000, 0x0000000012660000]
 total_blobs=2357 nmethods=1984 adapters=285
 compilation: enabled

Compilation events (10 events):
Event: 2.824 Thread 0x00000000194dd800 2000       1       org.apache.maven.model.Parent::getArtifactId (5 bytes)
Event: 2.824 Thread 0x00000000194dd800 nmethod 2000 0x0000000003c8a590 code [0x0000000003c8a6e0, 0x0000000003c8a7f0]
Event: 2.825 Thread 0x00000000194dd800 2001       2       java.util.regex.Pattern$Node::study (21 bytes)
Event: 2.825 Thread 0x00000000194dd800 nmethod 2001 0x0000000003c8a850 code [0x0000000003c8a9c0, 0x0000000003c8ab68]
Event: 2.825 Thread 0x00000000194dd800 2002       1       org.apache.maven.model.PluginExecution::getId (5 bytes)
Event: 2.826 Thread 0x00000000194dd800 nmethod 2002 0x0000000003c8ac10 code [0x0000000003c8ad60, 0x0000000003c8ae70]
Event: 2.826 Thread 0x00000000194dd800 2003       2       org.apache.maven.model.interpolation.StringVisitorModelInterpolator$ModelVisitor::visit (205 bytes)
Event: 2.827 Thread 0x00000000194dd800 nmethod 2003 0x0000000003c8aed0 code [0x0000000003c8b120, 0x0000000003c8b9d8]
Event: 2.827 Thread 0x00000000194dd800 2004       2       java.lang.reflect.Method::invoke (62 bytes)
Event: 2.828 Thread 0x00000000194dd800 nmethod 2004 0x0000000003c8c0d0 code [0x0000000003c8c260, 0x0000000003c8c4c8]

GC Heap History (6 events):
Event: 1.363 GC heap before
{Heap before GC invocations=1 (full 0):
 PSYoungGen      total 37888K, used 32768K [0x00000000d6000000, 0x00000000d8a00000, 0x0000000100000000)
  eden space 32768K, 100% used [0x00000000d6000000,0x00000000d8000000,0x00000000d8000000)
  from space 5120K, 0% used [0x00000000d8500000,0x00000000d8500000,0x00000000d8a00000)
  to   space 5120K, 0% used [0x00000000d8000000,0x00000000d8000000,0x00000000d8500000)
 ParOldGen       total 86016K, used 0K [0x0000000082000000, 0x0000000087400000, 0x00000000d6000000)
  object space 86016K, 0% used [0x0000000082000000,0x0000000082000000,0x0000000087400000)
 Metaspace       used 8801K, capacity 8892K, committed 9088K, reserved 1056768K
  class space    used 1054K, capacity 1112K, committed 1152K, reserved 1048576K
Event: 1.375 GC heap after
Heap after GC invocations=1 (full 0):
 PSYoungGen      total 37888K, used 5092K [0x00000000d6000000, 0x00000000d8a00000, 0x0000000100000000)
  eden space 32768K, 0% used [0x00000000d6000000,0x00000000d6000000,0x00000000d8000000)
  from space 5120K, 99% used [0x00000000d8000000,0x00000000d84f91e8,0x00000000d8500000)
  to   space 5120K, 0% used [0x00000000d8500000,0x00000000d8500000,0x00000000d8a00000)
 ParOldGen       total 86016K, used 232K [0x0000000082000000, 0x0000000087400000, 0x00000000d6000000)
  object space 86016K, 0% used [0x0000000082000000,0x000000008203a198,0x0000000087400000)
 Metaspace       used 8801K, capacity 8892K, committed 9088K, reserved 1056768K
  class space    used 1054K, capacity 1112K, committed 1152K, reserved 1048576K
}
Event: 1.787 GC heap before
{Heap before GC invocations=2 (full 0):
 PSYoungGen      total 37888K, used 37860K [0x00000000d6000000, 0x00000000d8a00000, 0x0000000100000000)
  eden space 32768K, 100% used [0x00000000d6000000,0x00000000d8000000,0x00000000d8000000)
  from space 5120K, 99% used [0x00000000d8000000,0x00000000d84f91e8,0x00000000d8500000)
  to   space 5120K, 0% used [0x00000000d8500000,0x00000000d8500000,0x00000000d8a00000)
 ParOldGen       total 86016K, used 232K [0x0000000082000000, 0x0000000087400000, 0x00000000d6000000)
  object space 86016K, 0% used [0x0000000082000000,0x000000008203a198,0x0000000087400000)
 Metaspace       used 11703K, capacity 11886K, committed 12032K, reserved 1060864K
  class space    used 1419K, capacity 1510K, committed 1536K, reserved 1048576K
Event: 1.794 GC heap after
Heap after GC invocations=2 (full 0):
 PSYoungGen      total 37888K, used 5117K [0x00000000d6000000, 0x00000000daa00000, 0x0000000100000000)
  eden space 32768K, 0% used [0x00000000d6000000,0x00000000d6000000,0x00000000d8000000)
  from space 5120K, 99% used [0x00000000d8500000,0x00000000d89ff7c8,0x00000000d8a00000)
  to   space 5120K, 0% used [0x00000000d8000000,0x00000000d8000000,0x00000000d8500000)
 ParOldGen       total 86016K, used 1784K [0x0000000082000000, 0x0000000087400000, 0x00000000d6000000)
  object space 86016K, 2% used [0x0000000082000000,0x00000000821be258,0x0000000087400000)
 Metaspace       used 11703K, capacity 11886K, committed 12032K, reserved 1060864K
  class space    used 1419K, capacity 1510K, committed 1536K, reserved 1048576K
}
Event: 2.534 GC heap before
{Heap before GC invocations=3 (full 0):
 PSYoungGen      total 37888K, used 37885K [0x00000000d6000000, 0x00000000daa00000, 0x0000000100000000)
  eden space 32768K, 100% used [0x00000000d6000000,0x00000000d8000000,0x00000000d8000000)
  from space 5120K, 99% used [0x00000000d8500000,0x00000000d89ff7c8,0x00000000d8a00000)
  to   space 5120K, 0% used [0x00000000d8000000,0x00000000d8000000,0x00000000d8500000)
 ParOldGen       total 86016K, used 1784K [0x0000000082000000, 0x0000000087400000, 0x00000000d6000000)
  object space 86016K, 2% used [0x0000000082000000,0x00000000821be258,0x0000000087400000)
 Metaspace       used 15540K, capacity 15882K, committed 16128K, reserved 1062912K
  class space    used 1891K, capacity 1974K, committed 2048K, reserved 1048576K
Event: 2.549 GC heap after
Heap after GC invocations=3 (full 0):
 PSYoungGen      total 37888K, used 5112K [0x00000000d6000000, 0x00000000daa00000, 0x0000000100000000)
  eden space 32768K, 0% used [0x00000000d6000000,0x00000000d6000000,0x00000000d8000000)
  from space 5120K, 99% used [0x00000000d8000000,0x00000000d84fe030,0x00000000d8500000)
  to   space 5120K, 0% used [0x00000000da500000,0x00000000da500000,0x00000000daa00000)
 ParOldGen       total 86016K, used 4548K [0x0000000082000000, 0x0000000087400000, 0x00000000d6000000)
  object space 86016K, 5% used [0x0000000082000000,0x0000000082471270,0x0000000087400000)
 Metaspace       used 15540K, capacity 15882K, committed 16128K, reserved 1062912K
  class space    used 1891K, capacity 1974K, committed 2048K, reserved 1048576K
}

Deoptimization events (10 events):
Event: 1.478 Thread 0x0000000003562800 Uncommon trap: reason=range_check action=make_not_entrant pc=0x00000000039a1f60 method=sun.reflect.generics.parser.SignatureParser.current()C @ 34
Event: 1.615 Thread 0x0000000003562800 Uncommon trap: reason=unstable_if action=reinterpret pc=0x00000000039f9874 method=java.lang.String.lastIndexOf([CII[CIII)I @ 118
Event: 2.233 Thread 0x0000000003562800 Uncommon trap: reason=unstable_if action=reinterpret pc=0x0000000003b7abd0 method=org.eclipse.sisu.inject.InjectorBindings.isAssignableFrom(Lcom/google/inject/TypeLiteral;Lcom/google/inject/Binding;)Z @ 14
Event: 2.235 Thread 0x0000000003562800 Uncommon trap: reason=null_check action=make_not_entrant pc=0x00000000038831d4 method=java.lang.String.equals(Ljava/lang/Object;)Z @ 8
Event: 2.247 Thread 0x0000000003562800 Uncommon trap: reason=unstable_if action=reinterpret pc=0x000000000387453c method=sun.misc.MetaIndex.mayContain(Ljava/lang/String;)Z @ 38
Event: 2.248 Thread 0x0000000003562800 Uncommon trap: reason=unstable_if action=reinterpret pc=0x00000000038c76f4 method=sun.net.www.ParseUtil.encodePath(Ljava/lang/String;Z)Ljava/lang/String; @ 109
Event: 2.397 Thread 0x0000000003562800 Uncommon trap: reason=unstable_if action=reinterpret pc=0x0000000003938454 method=sun.nio.cs.UTF_8$Decoder.decodeArrayLoop(Ljava/nio/ByteBuffer;Ljava/nio/CharBuffer;)Ljava/nio/charset/CoderResult; @ 84
Event: 2.399 Thread 0x0000000003562800 Uncommon trap: reason=unstable_if action=reinterpret pc=0x000000000394d488 method=java.lang.AbstractStringBuilder.append(Ljava/lang/String;)Ljava/lang/AbstractStringBuilder; @ 1
Event: 2.399 Thread 0x0000000003562800 Uncommon trap: reason=unstable_if action=reinterpret pc=0x000000000387b804 method=java.lang.AbstractStringBuilder.append(Ljava/lang/String;)Ljava/lang/AbstractStringBuilder; @ 1
Event: 2.410 Thread 0x0000000003562800 Uncommon trap: reason=unstable_if action=reinterpret pc=0x0000000003817230 method=java.lang.String.replace(CC)Ljava/lang/String; @ 2

Classes redefined (0 events):
No events

Internal exceptions (10 events):
Event: 1.226 Thread 0x0000000003562800 Exception <a 'java/lang/ArrayIndexOutOfBoundsException'> (0x00000000d78fc008) thrown at [C:\re\workspace\8-2-build-windows-amd64-cygwin\jdk8u202\12323\hotspot\src\share\vm\runtime\sharedRuntime.cpp, line 605]
Event: 1.415 Thread 0x0000000003562800 Exception <a 'java/lang/ArrayIndexOutOfBoundsException'> (0x00000000d632aad8) thrown at [C:\re\workspace\8-2-build-windows-amd64-cygwin\jdk8u202\12323\hotspot\src\share\vm\runtime\sharedRuntime.cpp, line 605]
Event: 1.415 Thread 0x0000000003562800 Exception <a 'java/lang/ArrayIndexOutOfBoundsException'> (0x00000000d632f438) thrown at [C:\re\workspace\8-2-build-windows-amd64-cygwin\jdk8u202\12323\hotspot\src\share\vm\runtime\sharedRuntime.cpp, line 605]
Event: 1.478 Thread 0x0000000003562800 Exception <a 'java/lang/ArrayIndexOutOfBoundsException': 66> (0x00000000d66911f0) thrown at [C:\re\workspace\8-2-build-windows-amd64-cygwin\jdk8u202\12323\hotspot\src\share\vm\interpreter\interpreterRuntime.cpp, line 368]
Event: 2.111 Thread 0x0000000003562800 Exception <a 'java/lang/NoClassDefFoundError': com/google/inject/servlet/ServletModuleTargetVisitor> (0x00000000d70f1550) thrown at [C:\re\workspace\8-2-build-windows-amd64-cygwin\jdk8u202\12323\hotspot\src\share\vm\classfile\systemDictionary.cpp, line 19
Event: 2.111 Thread 0x0000000003562800 Exception <a 'java/lang/NoClassDefFoundError'> (0x00000000d70f1550) thrown at [C:\re\workspace\8-2-build-windows-amd64-cygwin\jdk8u202\12323\hotspot\src\share\vm\prims\jvm.cpp, line 1506]
Event: 2.111 Thread 0x0000000003562800 Exception <a 'java/lang/NoClassDefFoundError': javax/annotation/Priority> (0x00000000d70f6260) thrown at [C:\re\workspace\8-2-build-windows-amd64-cygwin\jdk8u202\12323\hotspot\src\share\vm\classfile\systemDictionary.cpp, line 199]
Event: 2.235 Thread 0x0000000003562800 Implicit null exception at 0x000000000388301b to 0x00000000038831c5
Event: 2.399 Thread 0x0000000003562800 Implicit null exception at 0x000000000394d0d6 to 0x000000000394d471
Event: 2.399 Thread 0x0000000003562800 Implicit null exception at 0x000000000387b456 to 0x000000000387b7ed

Events (10 events):
Event: 2.534 loading class org/apache/maven/lifecycle/mapping/Lifecycle
Event: 2.534 loading class org/apache/maven/lifecycle/mapping/Lifecycle done
Event: 2.534 Executing VM operation: ParallelGCFailedAllocation
Event: 2.549 Executing VM operation: ParallelGCFailedAllocation done
Event: 2.552 loading class org/apache/maven/lifecycle/mapping/LifecycleMojo
Event: 2.552 loading class org/apache/maven/lifecycle/mapping/LifecycleMojo done
Event: 2.557 loading class org/apache/maven/lifecycle/internal/DefaultLifecyclePluginAnalyzer$1
Event: 2.557 loading class org/apache/maven/lifecycle/internal/DefaultLifecyclePluginAnalyzer$1 done
Event: 2.566 loading class org/apache/maven/model/Site
Event: 2.566 loading class org/apache/maven/model/Site done


Dynamic libraries:
0x00007ff667740000 - 0x00007ff667777000 	F:\JAVA\bin\java.exe
0x00007ffe13d50000 - 0x00007ffe13f45000 	C:\WINDOWS\SYSTEM32\ntdll.dll
0x00007ffe13140000 - 0x00007ffe131fd000 	C:\WINDOWS\System32\KERNEL32.DLL
0x00007ffe11610000 - 0x00007ffe118d8000 	C:\WINDOWS\System32\KERNELBASE.dll
0x00007ffe12460000 - 0x00007ffe1250c000 	C:\WINDOWS\System32\ADVAPI32.dll
0x00007ffe138b0000 - 0x00007ffe1394e000 	C:\WINDOWS\System32\msvcrt.dll
0x00007ffe12310000 - 0x00007ffe123ab000 	C:\WINDOWS\System32\sechost.dll
0x00007ffe12860000 - 0x00007ffe1298b000 	C:\WINDOWS\System32\RPCRT4.dll
0x00007ffe13950000 - 0x00007ffe13af0000 	C:\WINDOWS\System32\USER32.dll
0x00007ffe11490000 - 0x00007ffe114b2000 	C:\WINDOWS\System32\win32u.dll
0x00007ffe13c10000 - 0x00007ffe13c3a000 	C:\WINDOWS\System32\GDI32.dll
0x00007ffe11af0000 - 0x00007ffe11bfb000 	C:\WINDOWS\System32\gdi32full.dll
0x00007ffe114f0000 - 0x00007ffe1158d000 	C:\WINDOWS\System32\msvcp_win.dll
0x00007ffe119f0000 - 0x00007ffe11af0000 	C:\WINDOWS\System32\ucrtbase.dll
0x00007ffe077d0000 - 0x00007ffe07a6a000 	C:\WINDOWS\WinSxS\amd64_microsoft.windows.common-controls_6595b64144ccf1df_6.0.19041.844_none_ca00b6081b84eb1d\COMCTL32.dll
0x00007ffe11e10000 - 0x00007ffe11e40000 	C:\WINDOWS\System32\IMM32.DLL
0x0000000055ae0000 - 0x0000000055bb2000 	F:\JAVA\jre\bin\msvcr100.dll
0x0000000055230000 - 0x0000000055ad5000 	F:\JAVA\jre\bin\server\jvm.dll
0x00007ffe13330000 - 0x00007ffe13338000 	C:\WINDOWS\System32\PSAPI.DLL
0x00007ffe07ba0000 - 0x00007ffe07bc7000 	C:\WINDOWS\SYSTEM32\WINMM.dll
0x00007ffdff650000 - 0x00007ffdff659000 	C:\WINDOWS\SYSTEM32\WSOCK32.dll
0x00007ffe12510000 - 0x00007ffe1257b000 	C:\WINDOWS\System32\WS2_32.dll
0x00007ffe09190000 - 0x00007ffe0919a000 	C:\WINDOWS\SYSTEM32\VERSION.dll
0x00007ffe01140000 - 0x00007ffe0114f000 	F:\JAVA\jre\bin\verify.dll
0x00007ffdf57d0000 - 0x00007ffdf57f9000 	F:\JAVA\jre\bin\java.dll
0x00007ffe0e720000 - 0x00007ffe0e743000 	F:\JAVA\jre\bin\instrument.dll
0x00007ffdfd7a0000 - 0x00007ffdfd7b6000 	F:\JAVA\jre\bin\zip.dll
0x00007ffe129f0000 - 0x00007ffe13132000 	C:\WINDOWS\System32\SHELL32.dll
0x00007ffe0f5d0000 - 0x00007ffe0fd61000 	C:\WINDOWS\SYSTEM32\windows.storage.dll
0x00007ffe11ec0000 - 0x00007ffe12215000 	C:\WINDOWS\System32\combase.dll
0x00007ffe10f00000 - 0x00007ffe10f2c000 	C:\WINDOWS\SYSTEM32\Wldp.dll
0x00007ffe123b0000 - 0x00007ffe1245e000 	C:\WINDOWS\System32\SHCORE.dll
0x00007ffe12990000 - 0x00007ffe129e5000 	C:\WINDOWS\System32\shlwapi.dll
0x00007ffe113d0000 - 0x00007ffe113ef000 	C:\WINDOWS\SYSTEM32\profapi.dll
0x00007ffe0e700000 - 0x00007ffe0e71a000 	E:\IDEA2019.2.4\IntelliJ IDEA 2019.2.4\bin\breakgen64.dll
0x00007ffdfbc30000 - 0x00007ffdfbc4a000 	F:\JAVA\jre\bin\net.dll
0x00007ffe01b00000 - 0x00007ffe01cee000 	C:\WINDOWS\SYSTEM32\urlmon.dll
0x00007ffe05d70000 - 0x00007ffe06020000 	C:\WINDOWS\SYSTEM32\iertutil.dll
0x00007ffe10c00000 - 0x00007ffe10c6a000 	C:\WINDOWS\system32\mswsock.dll
0x00007ffe10e00000 - 0x00007ffe10e18000 	C:\WINDOWS\SYSTEM32\CRYPTSP.dll
0x00007ffe10540000 - 0x00007ffe10574000 	C:\WINDOWS\system32\rsaenh.dll
0x00007ffe114c0000 - 0x00007ffe114e7000 	C:\WINDOWS\System32\bcrypt.dll
0x00007ffe11350000 - 0x00007ffe1137e000 	C:\WINDOWS\SYSTEM32\USERENV.dll
0x00007ffe11590000 - 0x00007ffe11610000 	C:\WINDOWS\System32\bcryptprimitives.dll
0x00007ffe10dd0000 - 0x00007ffe10ddc000 	C:\WINDOWS\SYSTEM32\CRYPTBASE.dll
0x00007ffe10890000 - 0x00007ffe108cb000 	C:\WINDOWS\SYSTEM32\IPHLPAPI.DLL
0x00007ffe12850000 - 0x00007ffe12858000 	C:\WINDOWS\System32\NSI.dll
0x00007ffe08f30000 - 0x00007ffe08f47000 	C:\WINDOWS\SYSTEM32\dhcpcsvc6.DLL
0x00007ffe08f70000 - 0x00007ffe08f8d000 	C:\WINDOWS\SYSTEM32\dhcpcsvc.DLL
0x00007ffe108e0000 - 0x00007ffe109ac000 	C:\WINDOWS\SYSTEM32\DNSAPI.dll
0x00007ffdf7ab0000 - 0x00007ffdf7ac2000 	F:\JAVA\jre\bin\nio.dll
0x00007ffe0e6f0000 - 0x00007ffe0e6fa000 	C:\Users\Administrator\AppData\Local\Temp\jansi-1.17.1-7754505975457847361.dll
0x00007ffe0e6e0000 - 0x00007ffe0e6ea000 	C:\Users\Administrator\AppData\Local\Temp\jansi-1.17.1-7596481241473546927.dll

VM Arguments:
jvm_args: -Dmaven.multiModuleProjectDirectory=D:\springCode\onlinelearn -Dmaven.home=E:\Maven\apache-maven-3.6.3 -Dclassworlds.conf=E:\Maven\apache-maven-3.6.3\bin\m2.conf -Dmaven.ext.class.path=E:\IDEA2019.2.4\IntelliJ IDEA 2019.2.4\plugins\maven\lib\maven-event-listener.jar -javaagent:E:\IDEA2019.2.4\IntelliJ IDEA 2019.2.4\lib\idea_rt.jar=1197:E:\IDEA2019.2.4\IntelliJ IDEA 2019.2.4\bin -Dfile.encoding=UTF-8 
java_command: org.codehaus.classworlds.Launcher -Didea.version2019.2.4 -s E:\Maven\apache-maven-3.6.3\conf\settings.xml -Dmaven.repo.local=E:\Maven\repository -DskipTests=true mybatis-generator:generate -e
java_class_path (initial): E:\Maven\apache-maven-3.6.3\boot\plexus-classworlds-2.6.0.jar;E:\Maven\apache-maven-3.6.3\boot\plexus-classworlds.license;E:\IDEA2019.2.4\IntelliJ IDEA 2019.2.4\lib\idea_rt.jar
Launcher Type: SUN_STANDARD

Environment Variables:
JAVA_HOME=F:\JAVA
CLASSPATH=.;F:\JAVA\lib\dt.jar;F:\JAVA\lib\tools.jar;E:\code；D:\Tomcat9.0\lib\servlet-api.jar
PATH=C:\Program Files (x86)\NVIDIA Corporation\PhysX\Common;C:\Program Files\MySQL\MySQL Server 5.7\bin;C:\Program Files (x86)\Common Files\Oracle\Java\javapath;F:\JAVA\bin;F:\JAVA\jre\bin;F:\git\cmd;E:\Maven\apache-maven-3.6.3\bin;C:\WINDOWS\system32;C:\WINDOWS;C:\WINDOWS\system32\wbem;F:\Install\;F:\Go语言\bin;C:\WINDOWS\System32\Wbem;C:\WINDOWS\System32\WindowsPowerShell\v1.0\;D:\Tomcat9.0\lib;D:\Tomcat9.0\bin;C:\Users\Administrator\python\Scripts\;C:\Users\Administrator\python\;C:\python学习\Scripts\;C:\python学习\;F:\Python学习\Scripts\;F:\Python学习\;C:\Users\Administrator\AppData\Local\Microsoft\WindowsApps;C:\Users\Administrator\.dotnet\tools;C:\Windows\System32;E:\spring-boot-cli-1.5.13.RELEASE-bin\spring-1.5.13.RELEASE\bin;F:\SSHSecureShellClient-3.2.9;F:\Install\Microsoft VS Code\bin;C:\Users\Administrator\AppData\Roaming\npm;F:\Install\node_gloable;E:\Gradel\gradle-4.1-all\gradle-4.1\bin;C:\Users\Administrator\go\bin;F:\GoInstall\bin;C:\Users\Administrator\AppData\Local\Microsoft\WindowsApps
USERNAME=Administrator
OS=Windows_NT
PROCESSOR_IDENTIFIER=Intel64 Family 6 Model 142 Stepping 9, GenuineIntel



---------------  S Y S T E M  ---------------

OS: Windows 10.0 , 64 bit Build 19041 (10.0.19041.928)

CPU:total 4 (initial active 4) (2 cores per cpu, 2 threads per core) family 6 model 142 stepping 9, cmov, cx8, fxsr, mmx, sse, sse2, sse3, ssse3, sse4.1, sse4.2, popcnt, avx, avx2, aes, clmul, erms, 3dnowpref, lzcnt, ht, tsc, tscinvbit, bmi1, bmi2, adx

Memory: 4k page, physical 8254640k(955156k free), swap 8254640k(7384k free)

vm_info: Java HotSpot(TM) 64-Bit Server VM (25.202-b08) for windows-amd64 JRE (1.8.0_202-b08), built on Dec 15 2018 19:54:30 by "java_re" with MS VC++ 10.0 (VS2010)

time: Wed Apr 28 18:31:59 2021
timezone: 中国标准时间
elapsed time: 2 seconds (0d 0h 0m 2s)

